#
# There is insufficient memory for the Java Runtime Environment to continue.
# Native memory allocation (malloc) failed to allocate 846752 bytes for Chunk::new
# Possible reasons:
#   The system is out of physical RAM or swap space
#   The process is running with CompressedOops enabled, and the Java Heap may be blocking the growth of the native heap
# Possible solutions:
#   Reduce memory load on the system
#   Increase physical memory or swap space
#   Check if swap backing store is full
#   Decrease Java heap size (-Xmx/-Xms)
#   Decrease number of Java threads
#   Decrease Java thread stack sizes (-Xss)
#   Set larger code cache with -XX:ReservedCodeCacheSize=
#   JVM is running with Unscaled Compressed Oops mode in which the Java heap is
#     placed in the first 4GB address space. The Java Heap base address is the
#     maximum limit for the native heap growth. Please use -XX:HeapBaseMinAddress
#     to set the Java Heap base and to place the Java Heap above 4GB virtual address.
# This output file may be truncated or incomplete.
#
#  Out of Memory Error (arena.cpp:191), pid=15812, tid=11048
#
# JRE version: OpenJDK Runtime Environment Temurin-17.0.10+7 (17.0.10+7) (build 17.0.10+7)
# Java VM: OpenJDK 64-Bit Server VM Temurin-17.0.10+7 (17.0.10+7, mixed mode, tiered, compressed oops, compressed class ptrs, parallel gc, windows-amd64)
# No core dump will be written. Minidumps are not enabled by default on client versions of Windows
#

---------------  S U M M A R Y ------------

Command Line: --add-modules=ALL-SYSTEM --add-opens=java.base/java.util=ALL-UNNAMED --add-opens=java.base/java.lang=ALL-UNNAMED --add-opens=java.base/sun.nio.fs=ALL-UNNAMED -Declipse.application=org.eclipse.jdt.ls.core.id1 -Dosgi.bundles.defaultStartLevel=4 -Declipse.product=org.eclipse.jdt.ls.core.product -Djava.import.generatesMetadataFilesAtProjectRoot=false -DDetectVMInstallationsJob.disabled=true -Dfile.encoding=utf8 -XX:+UseParallelGC -XX:GCTimeRatio=4 -XX:AdaptiveSizePolicyWeight=90 -Dsun.zip.disableMemoryMapping=true -Xmx1G -Xms100m -Xlog:disable -javaagent:c:\Users\Nijal\.vscode\extensions\redhat.java-1.28.1-win32-x64\lombok\lombok-1.18.31.jar c:\Users\Nijal\.vscode\extensions\redhat.java-1.28.1-win32-x64\server\plugins\org.eclipse.equinox.launcher_1.6.700.v20231214-2017.jar -configuration c:\Users\Nijal\AppData\Roaming\Code\User\globalStorage\redhat.java\1.28.1\config_ss_win -data c:\Users\Nijal\AppData\Roaming\Code\User\workspaceStorage\b9a67ca91ce6951b9b4f41b2c744f4a0\redhat.java\ss_ws --stdio

Host: 11th Gen Intel(R) Core(TM) i5-1135G7 @ 2.40GHz, 8 cores, 7G,  Windows 10 , 64 bit Build 19041 (10.0.19041.3636)
Time: Mon Mar 11 01:23:57 2024 India Standard Time elapsed time: 18.450690 seconds (0d 0h 0m 18s)

---------------  T H R E A D  ---------------

Current thread (0x000002287cc250e0):  JavaThread "C2 CompilerThread0" daemon [_thread_in_native, id=11048, stack(0x000000f9b9900000,0x000000f9b9a00000)]


Current CompileTask:
C2:  18450 3169 %     4       java.io.WinNTFileSystem::normalize @ 22 (143 bytes)

Stack: [0x000000f9b9900000,0x000000f9b9a00000]
Native frames: (J=compiled Java code, j=interpreted, Vv=VM code, C=native code)
V  [jvm.dll+0x67d2c9]
V  [jvm.dll+0x834afa]
V  [jvm.dll+0x8365be]
V  [jvm.dll+0x836c23]
V  [jvm.dll+0x2477ff]
V  [jvm.dll+0xac514]
V  [jvm.dll+0xacb5c]
V  [jvm.dll+0x3667d7]
V  [jvm.dll+0x330bfa]
V  [jvm.dll+0x33009a]
V  [jvm.dll+0x219ef1]
V  [jvm.dll+0x219311]
V  [jvm.dll+0x1a502d]
V  [jvm.dll+0x2290de]
V  [jvm.dll+0x2272ac]
V  [jvm.dll+0x7e9bb7]
V  [jvm.dll+0x7e3fba]
V  [jvm.dll+0x67c1b5]
C  [ucrtbase.dll+0x21bb2]
C  [KERNEL32.DLL+0x17344]
C  [ntdll.dll+0x526b1]


---------------  P R O C E S S  ---------------

Threads class SMR info:
_java_thread_list=0x000002287e187650, length=24, elements={
0x0000022863a13540, 0x00000228778ac2c0, 0x00000228778adb20, 0x000002287cc16150,
0x000002287cc16d10, 0x000002287cc18070, 0x000002287cc1aa40, 0x000002287cc250e0,
0x000002287cc270e0, 0x000002287cc28690, 0x000002287cd6e750, 0x000002287cf45a60,
0x000002287dc19770, 0x000002287dc19c80, 0x000002287dc16ef0, 0x000002287dc18d50,
0x000002287dc17910, 0x000002287dc1a6a0, 0x000002287dc17e20, 0x000002287dc19260,
0x000002287e81d9e0, 0x000002287e8188e0, 0x000002287e81a230, 0x000002287e816570
}

Java Threads: ( => current thread )
  0x0000022863a13540 JavaThread "main" [_thread_blocked, id=21276, stack(0x000000f9b9000000,0x000000f9b9100000)]
  0x00000228778ac2c0 JavaThread "Reference Handler" daemon [_thread_blocked, id=17636, stack(0x000000f9b9300000,0x000000f9b9400000)]
  0x00000228778adb20 JavaThread "Finalizer" daemon [_thread_blocked, id=15980, stack(0x000000f9b9400000,0x000000f9b9500000)]
  0x000002287cc16150 JavaThread "Signal Dispatcher" daemon [_thread_blocked, id=1908, stack(0x000000f9b9500000,0x000000f9b9600000)]
  0x000002287cc16d10 JavaThread "Attach Listener" daemon [_thread_blocked, id=17924, stack(0x000000f9b9600000,0x000000f9b9700000)]
  0x000002287cc18070 JavaThread "Service Thread" daemon [_thread_blocked, id=1760, stack(0x000000f9b9700000,0x000000f9b9800000)]
  0x000002287cc1aa40 JavaThread "Monitor Deflation Thread" daemon [_thread_blocked, id=19516, stack(0x000000f9b9800000,0x000000f9b9900000)]
=>0x000002287cc250e0 JavaThread "C2 CompilerThread0" daemon [_thread_in_native, id=11048, stack(0x000000f9b9900000,0x000000f9b9a00000)]
  0x000002287cc270e0 JavaThread "C1 CompilerThread0" daemon [_thread_in_native, id=20968, stack(0x000000f9b9a00000,0x000000f9b9b00000)]
  0x000002287cc28690 JavaThread "Sweeper thread" daemon [_thread_blocked, id=19160, stack(0x000000f9b9b00000,0x000000f9b9c00000)]
  0x000002287cd6e750 JavaThread "Common-Cleaner" daemon [_thread_blocked, id=3556, stack(0x000000f9b9c00000,0x000000f9b9d00000)]
  0x000002287cf45a60 JavaThread "Notification Thread" daemon [_thread_blocked, id=2092, stack(0x000000f9b9d00000,0x000000f9b9e00000)]
  0x000002287dc19770 JavaThread "Active Thread: Equinox Container: 8659a451-2de6-4bab-944b-884a9c7c9ff0" [_thread_blocked, id=10916, stack(0x000000f9b9f00000,0x000000f9ba000000)]
  0x000002287dc19c80 JavaThread "Framework Event Dispatcher: Equinox Container: 8659a451-2de6-4bab-944b-884a9c7c9ff0" daemon [_thread_blocked, id=2724, stack(0x000000f9ba600000,0x000000f9ba700000)]
  0x000002287dc16ef0 JavaThread "Start Level: Equinox Container: 8659a451-2de6-4bab-944b-884a9c7c9ff0" daemon [_thread_blocked, id=21480, stack(0x000000f9ba700000,0x000000f9ba800000)]
  0x000002287dc18d50 JavaThread "SCR Component Actor" daemon [_thread_blocked, id=21236, stack(0x000000f9ba800000,0x000000f9ba900000)]
  0x000002287dc17910 JavaThread "Worker-JM" [_thread_blocked, id=17268, stack(0x000000f9bab00000,0x000000f9bac00000)]
  0x000002287dc1a6a0 JavaThread "Worker-0" [_thread_blocked, id=7280, stack(0x000000f9bad00000,0x000000f9bae00000)]
  0x000002287dc17e20 JavaThread "Worker-1" [_thread_blocked, id=3884, stack(0x000000f9bae00000,0x000000f9baf00000)]
  0x000002287dc19260 JavaThread "Worker-2: Initialize Workspace" [_thread_in_Java, id=13416, stack(0x000000f9bb100000,0x000000f9bb200000)]
  0x000002287e81d9e0 JavaThread "JNA Cleaner" daemon [_thread_blocked, id=19524, stack(0x000000f9bac00000,0x000000f9bad00000)]
  0x000002287e8188e0 JavaThread "pool-2-thread-1" [_thread_blocked, id=20420, stack(0x000000f9baf00000,0x000000f9bb000000)]
  0x000002287e81a230 JavaThread "WorkspaceEventsHandler" [_thread_blocked, id=13024, stack(0x000000f9bb000000,0x000000f9bb100000)]
  0x000002287e816570 JavaThread "pool-1-thread-1" [_thread_blocked, id=1140, stack(0x000000f9bb200000,0x000000f9bb300000)]
  0x000002287e016850 JavaThread "C2 CompilerThread1" daemon [_thread_in_native, id=10784, stack(0x000000f9baa00000,0x000000f9bab00000)]

Other Threads:
  0x0000022863aa0e00 VMThread "VM Thread" [stack: 0x000000f9b9200000,0x000000f9b9300000] [id=14448]
  0x000002287cf450d0 WatcherThread [stack: 0x000000f9b9e00000,0x000000f9b9f00000] [id=11520]
  0x0000022863a2b080 GCTaskThread "GC Thread#0" [stack: 0x000000f9b9100000,0x000000f9b9200000] [id=1216]
  0x000002287ddf8970 GCTaskThread "GC Thread#1" [stack: 0x000000f9ba000000,0x000000f9ba100000] [id=19796]
  0x000002287e35e840 GCTaskThread "GC Thread#2" [stack: 0x000000f9ba100000,0x000000f9ba200000] [id=14296]
  0x000002287e35eb00 GCTaskThread "GC Thread#3" [stack: 0x000000f9ba200000,0x000000f9ba300000] [id=5864]
  0x000002287e686a20 GCTaskThread "GC Thread#4" [stack: 0x000000f9ba300000,0x000000f9ba400000] [id=18632]
  0x000002287e686ce0 GCTaskThread "GC Thread#5" [stack: 0x000000f9ba400000,0x000000f9ba500000] [id=20680]
  0x000002287e686fa0 GCTaskThread "GC Thread#6" [stack: 0x000000f9ba500000,0x000000f9ba600000] [id=17736]
  0x000002287de38630 GCTaskThread "GC Thread#7" [stack: 0x000000f9ba900000,0x000000f9baa00000] [id=5640]

Threads with active compile tasks:
C2 CompilerThread0    18738 3169 %     4       java.io.WinNTFileSystem::normalize @ 22 (143 bytes)
C1 CompilerThread0    18738 3282       3       jdk.internal.jimage.ImageReader$SharedImageReader::getBaseExt (48 bytes)
C2 CompilerThread1    18738 3280       4       jdk.internal.jimage.ImageStringsReader::stringFromByteBuffer (73 bytes)

VM state: not at safepoint (normal execution)

VM Mutex/Monitor currently owned by a thread: None

Heap address: 0x00000000c0000000, size: 1024 MB, Compressed Oops mode: 32-bit

CDS archive(s) not mapped
Compressed class space mapped at: 0x0000000100000000-0x0000000140000000, reserved size: 1073741824
Narrow klass base: 0x0000000000000000, Narrow klass shift: 3, Narrow klass range: 0x140000000

GC Precious Log:
 CPUs: 8 total, 8 available
 Memory: 7926M
 Large Page Support: Disabled
 NUMA Support: Disabled
 Compressed Oops: Enabled (32-bit)
 Alignments: Space 512K, Generation 512K, Heap 2M
 Heap Min Capacity: 100M
 Heap Initial Capacity: 100M
 Heap Max Capacity: 1G
 Pre-touch: Disabled
 Parallel Workers: 8

Heap:
 PSYoungGen      total 27136K, used 10246K [0x00000000eab00000, 0x00000000ec900000, 0x0000000100000000)
  eden space 23552K, 43% used [0x00000000eab00000,0x00000000eb501bc8,0x00000000ec200000)
  from space 3584K, 0% used [0x00000000ec200000,0x00000000ec200000,0x00000000ec580000)
  to   space 3584K, 0% used [0x00000000ec580000,0x00000000ec580000,0x00000000ec900000)
 ParOldGen       total 68608K, used 12660K [0x00000000c0000000, 0x00000000c4300000, 0x00000000eab00000)
  object space 68608K, 18% used [0x00000000c0000000,0x00000000c0c5d180,0x00000000c4300000)
 Metaspace       used 36448K, committed 37120K, reserved 1114112K
  class space    used 3708K, committed 4032K, reserved 1048576K

Card table byte_map: [0x00000228633d0000,0x00000228635e0000] _byte_map_base: 0x0000022862dd0000

Marking Bits: (ParMarkBitMap*) 0x00007ff96935d7d0
 Begin Bits: [0x00000228756b0000, 0x00000228766b0000)
 End Bits:   [0x00000228766b0000, 0x00000228776b0000)

Polling page: 0x0000022861a10000

Metaspace:

Usage:
  Non-class:     31.97 MB used.
      Class:      3.62 MB used.
       Both:     35.59 MB used.

Virtual space:
  Non-class space:       64.00 MB reserved,      32.31 MB ( 50%) committed,  1 nodes.
      Class space:        1.00 GB reserved,       3.94 MB ( <1%) committed,  1 nodes.
             Both:        1.06 GB reserved,      36.25 MB (  3%) committed. 

Chunk freelists:
   Non-Class:  14.75 MB
       Class:  11.94 MB
        Both:  26.69 MB

MaxMetaspaceSize: unlimited
CompressedClassSpaceSize: 1.00 GB
Initial GC threshold: 21.00 MB
Current GC threshold: 58.38 MB
CDS: off
MetaspaceReclaimPolicy: balanced
 - commit_granule_bytes: 65536.
 - commit_granule_words: 8192.
 - virtual_space_node_default_size: 8388608.
 - enlarge_chunks_in_place: 1.
 - new_chunks_are_fully_committed: 0.
 - uncommit_free_chunks: 1.
 - use_allocation_guard: 0.
 - handle_deallocations: 1.


Internal statistics:

num_allocs_failed_limit: 6.
num_arena_births: 346.
num_arena_deaths: 14.
num_vsnodes_births: 2.
num_vsnodes_deaths: 0.
num_space_committed: 580.
num_space_uncommitted: 0.
num_chunks_returned_to_freelist: 20.
num_chunks_taken_from_freelist: 1451.
num_chunk_merges: 11.
num_chunk_splits: 928.
num_chunks_enlarged: 632.
num_inconsistent_stats: 0.

CodeHeap 'non-profiled nmethods': size=120000Kb used=1401Kb max_used=1401Kb free=118598Kb
 bounds [0x000002286e180000, 0x000002286e3f0000, 0x00000228756b0000]
CodeHeap 'profiled nmethods': size=120000Kb used=6706Kb max_used=6706Kb free=113293Kb
 bounds [0x00000228666b0000, 0x0000022866d40000, 0x000002286dbe0000]
CodeHeap 'non-nmethods': size=5760Kb used=1281Kb max_used=1295Kb free=4478Kb
 bounds [0x000002286dbe0000, 0x000002286de50000, 0x000002286e180000]
 total_blobs=3869 nmethods=3278 adapters=504
 compilation: enabled
              stopped_count=0, restarted_count=0
 full_count=0

Compilation events (20 events):
Event: 18.391 Thread 0x000002287cc270e0 nmethod 3179 0x0000022866d0f910 code [0x0000022866d0fc40, 0x0000022866d10dc8]
Event: 18.394 Thread 0x000002287cc270e0 3180       3       jdk.internal.misc.VM::isSystemDomainLoader (17 bytes)
Event: 18.395 Thread 0x000002287cc270e0 nmethod 3180 0x0000022866d11310 code [0x0000022866d11560, 0x0000022866d12038]
Event: 18.418 Thread 0x000002287cc270e0 3181       3       java.lang.StringCoding::implEncodeAsciiArray (47 bytes)
Event: 18.419 Thread 0x000002287cc270e0 nmethod 3181 0x0000022866d12390 code [0x0000022866d12540, 0x0000022866d12798]
Event: 18.419 Thread 0x000002287cc270e0 3183       3       java.nio.CharBuffer::position (6 bytes)
Event: 18.419 Thread 0x000002287cc270e0 nmethod 3183 0x0000022866d12910 code [0x0000022866d12ac0, 0x0000022866d12c68]
Event: 18.419 Thread 0x000002287cc270e0 3182       3       java.nio.ByteBuffer::array (35 bytes)
Event: 18.420 Thread 0x000002287cc270e0 nmethod 3182 0x0000022866d12d10 code [0x0000022866d12ee0, 0x0000022866d13198]
Event: 18.420 Thread 0x000002287cc270e0 3184       1       org.eclipse.core.internal.resources.ResourceInfo::getFlags (5 bytes)
Event: 18.420 Thread 0x000002287cc270e0 nmethod 3184 0x000002286e2daf90 code [0x000002286e2db120, 0x000002286e2db1f8]
Event: 18.420 Thread 0x000002287cc270e0 3186       3       java.io.FileDescriptor::valid (25 bytes)
Event: 18.421 Thread 0x000002287cc270e0 nmethod 3186 0x0000022866d13290 code [0x0000022866d13420, 0x0000022866d135d8]
Event: 18.429 Thread 0x000002287cc270e0 3187       3       java.lang.Math::min (46 bytes)
Event: 18.432 Thread 0x000002287cc270e0 nmethod 3187 0x0000022866d13690 code [0x0000022866d13860, 0x0000022866d13bb8]
Event: 18.432 Thread 0x000002287cc270e0 3188       3       java.util.HexFormat::<init> (50 bytes)
Event: 18.433 Thread 0x000002287cc270e0 nmethod 3188 0x0000022866d13c90 code [0x0000022866d13e80, 0x0000022866d14488]
Event: 18.438 Thread 0x000002287cc270e0 3189       3       java.util.TreeMap$PrivateEntryIterator::hasNext (13 bytes)
Event: 18.438 Thread 0x000002287cc270e0 nmethod 3189 0x0000022866d14710 code [0x0000022866d148a0, 0x0000022866d14a18]
Event: 18.441 Thread 0x000002287cc270e0 3190       3       org.eclipse.core.internal.dtree.AbstractDataTreeNode::indexOfChild (75 bytes)

GC Heap History (20 events):
Event: 12.050 GC heap before
{Heap before GC invocations=2 (full 0):
 PSYoungGen      total 29696K, used 28823K [0x00000000eab00000, 0x00000000ecc00000, 0x0000000100000000)
  eden space 25600K, 100% used [0x00000000eab00000,0x00000000ec400000,0x00000000ec400000)
  from space 4096K, 78% used [0x00000000ec400000,0x00000000ec725cf0,0x00000000ec800000)
  to   space 4096K, 0% used [0x00000000ec800000,0x00000000ec800000,0x00000000ecc00000)
 ParOldGen       total 68608K, used 16K [0x00000000c0000000, 0x00000000c4300000, 0x00000000eab00000)
  object space 68608K, 0% used [0x00000000c0000000,0x00000000c0004000,0x00000000c4300000)
 Metaspace       used 15048K, committed 15296K, reserved 1114112K
  class space    used 1528K, committed 1664K, reserved 1048576K
}
Event: 12.057 GC heap after
{Heap after GC invocations=2 (full 0):
 PSYoungGen      total 29696K, used 4090K [0x00000000eab00000, 0x00000000ecc00000, 0x0000000100000000)
  eden space 25600K, 0% used [0x00000000eab00000,0x00000000eab00000,0x00000000ec400000)
  from space 4096K, 99% used [0x00000000ec800000,0x00000000ecbfe980,0x00000000ecc00000)
  to   space 4096K, 0% used [0x00000000ec400000,0x00000000ec400000,0x00000000ec800000)
 ParOldGen       total 68608K, used 740K [0x00000000c0000000, 0x00000000c4300000, 0x00000000eab00000)
  object space 68608K, 1% used [0x00000000c0000000,0x00000000c00b9020,0x00000000c4300000)
 Metaspace       used 15048K, committed 15296K, reserved 1114112K
  class space    used 1528K, committed 1664K, reserved 1048576K
}
Event: 12.826 GC heap before
{Heap before GC invocations=3 (full 0):
 PSYoungGen      total 29696K, used 29690K [0x00000000eab00000, 0x00000000ecc00000, 0x0000000100000000)
  eden space 25600K, 100% used [0x00000000eab00000,0x00000000ec400000,0x00000000ec400000)
  from space 4096K, 99% used [0x00000000ec800000,0x00000000ecbfe980,0x00000000ecc00000)
  to   space 4096K, 0% used [0x00000000ec400000,0x00000000ec400000,0x00000000ec800000)
 ParOldGen       total 68608K, used 740K [0x00000000c0000000, 0x00000000c4300000, 0x00000000eab00000)
  object space 68608K, 1% used [0x00000000c0000000,0x00000000c00b9020,0x00000000c4300000)
 Metaspace       used 20046K, committed 20416K, reserved 1114112K
  class space    used 2061K, committed 2240K, reserved 1048576K
}
Event: 12.831 GC heap after
{Heap after GC invocations=3 (full 0):
 PSYoungGen      total 29696K, used 4095K [0x00000000eab00000, 0x00000000ecc00000, 0x0000000100000000)
  eden space 25600K, 0% used [0x00000000eab00000,0x00000000eab00000,0x00000000ec400000)
  from space 4096K, 99% used [0x00000000ec400000,0x00000000ec7fff58,0x00000000ec800000)
  to   space 4096K, 0% used [0x00000000ec800000,0x00000000ec800000,0x00000000ecc00000)
 ParOldGen       total 68608K, used 2514K [0x00000000c0000000, 0x00000000c4300000, 0x00000000eab00000)
  object space 68608K, 3% used [0x00000000c0000000,0x00000000c0274b78,0x00000000c4300000)
 Metaspace       used 20046K, committed 20416K, reserved 1114112K
  class space    used 2061K, committed 2240K, reserved 1048576K
}
Event: 12.946 GC heap before
{Heap before GC invocations=4 (full 0):
 PSYoungGen      total 29696K, used 10167K [0x00000000eab00000, 0x00000000ecc00000, 0x0000000100000000)
  eden space 25600K, 23% used [0x00000000eab00000,0x00000000eb0ee050,0x00000000ec400000)
  from space 4096K, 99% used [0x00000000ec400000,0x00000000ec7fff58,0x00000000ec800000)
  to   space 4096K, 0% used [0x00000000ec800000,0x00000000ec800000,0x00000000ecc00000)
 ParOldGen       total 68608K, used 2514K [0x00000000c0000000, 0x00000000c4300000, 0x00000000eab00000)
  object space 68608K, 3% used [0x00000000c0000000,0x00000000c0274b78,0x00000000c4300000)
 Metaspace       used 21096K, committed 21504K, reserved 1114112K
  class space    used 2172K, committed 2368K, reserved 1048576K
}
Event: 12.949 GC heap after
{Heap after GC invocations=4 (full 0):
 PSYoungGen      total 29696K, used 4089K [0x00000000eab00000, 0x00000000ecc00000, 0x0000000100000000)
  eden space 25600K, 0% used [0x00000000eab00000,0x00000000eab00000,0x00000000ec400000)
  from space 4096K, 99% used [0x00000000ec800000,0x00000000ecbfe708,0x00000000ecc00000)
  to   space 4096K, 0% used [0x00000000ec400000,0x00000000ec400000,0x00000000ec800000)
 ParOldGen       total 68608K, used 2987K [0x00000000c0000000, 0x00000000c4300000, 0x00000000eab00000)
  object space 68608K, 4% used [0x00000000c0000000,0x00000000c02eada0,0x00000000c4300000)
 Metaspace       used 21096K, committed 21504K, reserved 1114112K
  class space    used 2172K, committed 2368K, reserved 1048576K
}
Event: 12.949 GC heap before
{Heap before GC invocations=5 (full 1):
 PSYoungGen      total 29696K, used 4089K [0x00000000eab00000, 0x00000000ecc00000, 0x0000000100000000)
  eden space 25600K, 0% used [0x00000000eab00000,0x00000000eab00000,0x00000000ec400000)
  from space 4096K, 99% used [0x00000000ec800000,0x00000000ecbfe708,0x00000000ecc00000)
  to   space 4096K, 0% used [0x00000000ec400000,0x00000000ec400000,0x00000000ec800000)
 ParOldGen       total 68608K, used 2987K [0x00000000c0000000, 0x00000000c4300000, 0x00000000eab00000)
  object space 68608K, 4% used [0x00000000c0000000,0x00000000c02eada0,0x00000000c4300000)
 Metaspace       used 21096K, committed 21504K, reserved 1114112K
  class space    used 2172K, committed 2368K, reserved 1048576K
}
Event: 12.977 GC heap after
{Heap after GC invocations=5 (full 1):
 PSYoungGen      total 29696K, used 0K [0x00000000eab00000, 0x00000000ecc00000, 0x0000000100000000)
  eden space 25600K, 0% used [0x00000000eab00000,0x00000000eab00000,0x00000000ec400000)
  from space 4096K, 0% used [0x00000000ec800000,0x00000000ec800000,0x00000000ecc00000)
  to   space 4096K, 0% used [0x00000000ec400000,0x00000000ec400000,0x00000000ec800000)
 ParOldGen       total 68608K, used 6943K [0x00000000c0000000, 0x00000000c4300000, 0x00000000eab00000)
  object space 68608K, 10% used [0x00000000c0000000,0x00000000c06c7df0,0x00000000c4300000)
 Metaspace       used 21083K, committed 21504K, reserved 1114112K
  class space    used 2168K, committed 2368K, reserved 1048576K
}
Event: 13.292 GC heap before
{Heap before GC invocations=6 (full 1):
 PSYoungGen      total 29696K, used 25600K [0x00000000eab00000, 0x00000000ecc00000, 0x0000000100000000)
  eden space 25600K, 100% used [0x00000000eab00000,0x00000000ec400000,0x00000000ec400000)
  from space 4096K, 0% used [0x00000000ec800000,0x00000000ec800000,0x00000000ecc00000)
  to   space 4096K, 0% used [0x00000000ec400000,0x00000000ec400000,0x00000000ec800000)
 ParOldGen       total 68608K, used 6943K [0x00000000c0000000, 0x00000000c4300000, 0x00000000eab00000)
  object space 68608K, 10% used [0x00000000c0000000,0x00000000c06c7df0,0x00000000c4300000)
 Metaspace       used 24172K, committed 24640K, reserved 1114112K
  class space    used 2378K, committed 2560K, reserved 1048576K
}
Event: 13.294 GC heap after
{Heap after GC invocations=6 (full 1):
 PSYoungGen      total 25600K, used 419K [0x00000000eab00000, 0x00000000ec880000, 0x0000000100000000)
  eden space 25088K, 0% used [0x00000000eab00000,0x00000000eab00000,0x00000000ec380000)
  from space 512K, 82% used [0x00000000ec400000,0x00000000ec468f90,0x00000000ec480000)
  to   space 2048K, 0% used [0x00000000ec680000,0x00000000ec680000,0x00000000ec880000)
 ParOldGen       total 68608K, used 6943K [0x00000000c0000000, 0x00000000c4300000, 0x00000000eab00000)
  object space 68608K, 10% used [0x00000000c0000000,0x00000000c06c7df0,0x00000000c4300000)
 Metaspace       used 24172K, committed 24640K, reserved 1114112K
  class space    used 2378K, committed 2560K, reserved 1048576K
}
Event: 13.526 GC heap before
{Heap before GC invocations=7 (full 1):
 PSYoungGen      total 25600K, used 25507K [0x00000000eab00000, 0x00000000ec880000, 0x0000000100000000)
  eden space 25088K, 100% used [0x00000000eab00000,0x00000000ec380000,0x00000000ec380000)
  from space 512K, 82% used [0x00000000ec400000,0x00000000ec468f90,0x00000000ec480000)
  to   space 2048K, 0% used [0x00000000ec680000,0x00000000ec680000,0x00000000ec880000)
 ParOldGen       total 68608K, used 6943K [0x00000000c0000000, 0x00000000c4300000, 0x00000000eab00000)
  object space 68608K, 10% used [0x00000000c0000000,0x00000000c06c7df0,0x00000000c4300000)
 Metaspace       used 26538K, committed 27008K, reserved 1114112K
  class space    used 2569K, committed 2752K, reserved 1048576K
}
Event: 13.528 GC heap after
{Heap after GC invocations=7 (full 1):
 PSYoungGen      total 26624K, used 1567K [0x00000000eab00000, 0x00000000ec880000, 0x0000000100000000)
  eden space 24576K, 0% used [0x00000000eab00000,0x00000000eab00000,0x00000000ec300000)
  from space 2048K, 76% used [0x00000000ec680000,0x00000000ec807d30,0x00000000ec880000)
  to   space 2048K, 0% used [0x00000000ec480000,0x00000000ec480000,0x00000000ec680000)
 ParOldGen       total 68608K, used 7732K [0x00000000c0000000, 0x00000000c4300000, 0x00000000eab00000)
  object space 68608K, 11% used [0x00000000c0000000,0x00000000c078d300,0x00000000c4300000)
 Metaspace       used 26538K, committed 27008K, reserved 1114112K
  class space    used 2569K, committed 2752K, reserved 1048576K
}
Event: 16.376 GC heap before
{Heap before GC invocations=8 (full 1):
 PSYoungGen      total 26624K, used 26143K [0x00000000eab00000, 0x00000000ec880000, 0x0000000100000000)
  eden space 24576K, 100% used [0x00000000eab00000,0x00000000ec300000,0x00000000ec300000)
  from space 2048K, 76% used [0x00000000ec680000,0x00000000ec807d30,0x00000000ec880000)
  to   space 2048K, 0% used [0x00000000ec480000,0x00000000ec480000,0x00000000ec680000)
 ParOldGen       total 68608K, used 7732K [0x00000000c0000000, 0x00000000c4300000, 0x00000000eab00000)
  object space 68608K, 11% used [0x00000000c0000000,0x00000000c078d300,0x00000000c4300000)
 Metaspace       used 31233K, committed 31872K, reserved 1114112K
  class space    used 3093K, committed 3392K, reserved 1048576K
}
Event: 16.381 GC heap after
{Heap after GC invocations=8 (full 1):
 PSYoungGen      total 26112K, used 2034K [0x00000000eab00000, 0x00000000eca80000, 0x0000000100000000)
  eden space 24064K, 0% used [0x00000000eab00000,0x00000000eab00000,0x00000000ec280000)
  from space 2048K, 99% used [0x00000000ec480000,0x00000000ec67c8f8,0x00000000ec680000)
  to   space 4096K, 0% used [0x00000000ec680000,0x00000000ec680000,0x00000000eca80000)
 ParOldGen       total 68608K, used 9358K [0x00000000c0000000, 0x00000000c4300000, 0x00000000eab00000)
  object space 68608K, 13% used [0x00000000c0000000,0x00000000c0923a60,0x00000000c4300000)
 Metaspace       used 31233K, committed 31872K, reserved 1114112K
  class space    used 3093K, committed 3392K, reserved 1048576K
}
Event: 17.951 GC heap before
{Heap before GC invocations=9 (full 1):
 PSYoungGen      total 26112K, used 26098K [0x00000000eab00000, 0x00000000eca80000, 0x0000000100000000)
  eden space 24064K, 100% used [0x00000000eab00000,0x00000000ec280000,0x00000000ec280000)
  from space 2048K, 99% used [0x00000000ec480000,0x00000000ec67c8f8,0x00000000ec680000)
  to   space 4096K, 0% used [0x00000000ec680000,0x00000000ec680000,0x00000000eca80000)
 ParOldGen       total 68608K, used 9358K [0x00000000c0000000, 0x00000000c4300000, 0x00000000eab00000)
  object space 68608K, 13% used [0x00000000c0000000,0x00000000c0923a60,0x00000000c4300000)
 Metaspace       used 34998K, committed 35776K, reserved 1114112K
  class space    used 3548K, committed 3904K, reserved 1048576K
}
Event: 17.958 GC heap after
{Heap after GC invocations=9 (full 1):
 PSYoungGen      total 27136K, used 3581K [0x00000000eab00000, 0x00000000eca00000, 0x0000000100000000)
  eden space 23552K, 0% used [0x00000000eab00000,0x00000000eab00000,0x00000000ec200000)
  from space 3584K, 99% used [0x00000000ec680000,0x00000000ec9ff648,0x00000000eca00000)
  to   space 4096K, 0% used [0x00000000ec200000,0x00000000ec200000,0x00000000ec600000)
 ParOldGen       total 68608K, used 9366K [0x00000000c0000000, 0x00000000c4300000, 0x00000000eab00000)
  object space 68608K, 13% used [0x00000000c0000000,0x00000000c0925a60,0x00000000c4300000)
 Metaspace       used 34998K, committed 35776K, reserved 1114112K
  class space    used 3548K, committed 3904K, reserved 1048576K
}
Event: 17.984 GC heap before
{Heap before GC invocations=10 (full 1):
 PSYoungGen      total 27136K, used 4569K [0x00000000eab00000, 0x00000000eca00000, 0x0000000100000000)
  eden space 23552K, 4% used [0x00000000eab00000,0x00000000eabf7158,0x00000000ec200000)
  from space 3584K, 99% used [0x00000000ec680000,0x00000000ec9ff648,0x00000000eca00000)
  to   space 4096K, 0% used [0x00000000ec200000,0x00000000ec200000,0x00000000ec600000)
 ParOldGen       total 68608K, used 9366K [0x00000000c0000000, 0x00000000c4300000, 0x00000000eab00000)
  object space 68608K, 13% used [0x00000000c0000000,0x00000000c0925a60,0x00000000c4300000)
 Metaspace       used 35136K, committed 35840K, reserved 1114112K
  class space    used 3565K, committed 3904K, reserved 1048576K
}
Event: 17.989 GC heap after
{Heap after GC invocations=10 (full 1):
 PSYoungGen      total 27136K, used 3200K [0x00000000eab00000, 0x00000000ec900000, 0x0000000100000000)
  eden space 23552K, 0% used [0x00000000eab00000,0x00000000eab00000,0x00000000ec200000)
  from space 3584K, 89% used [0x00000000ec200000,0x00000000ec5203c8,0x00000000ec580000)
  to   space 3584K, 0% used [0x00000000ec580000,0x00000000ec580000,0x00000000ec900000)
 ParOldGen       total 68608K, used 9843K [0x00000000c0000000, 0x00000000c4300000, 0x00000000eab00000)
  object space 68608K, 14% used [0x00000000c0000000,0x00000000c099cda8,0x00000000c4300000)
 Metaspace       used 35136K, committed 35840K, reserved 1114112K
  class space    used 3565K, committed 3904K, reserved 1048576K
}
Event: 17.989 GC heap before
{Heap before GC invocations=11 (full 2):
 PSYoungGen      total 27136K, used 3200K [0x00000000eab00000, 0x00000000ec900000, 0x0000000100000000)
  eden space 23552K, 0% used [0x00000000eab00000,0x00000000eab00000,0x00000000ec200000)
  from space 3584K, 89% used [0x00000000ec200000,0x00000000ec5203c8,0x00000000ec580000)
  to   space 3584K, 0% used [0x00000000ec580000,0x00000000ec580000,0x00000000ec900000)
 ParOldGen       total 68608K, used 9843K [0x00000000c0000000, 0x00000000c4300000, 0x00000000eab00000)
  object space 68608K, 14% used [0x00000000c0000000,0x00000000c099cda8,0x00000000c4300000)
 Metaspace       used 35136K, committed 35840K, reserved 1114112K
  class space    used 3565K, committed 3904K, reserved 1048576K
}
Event: 18.042 GC heap after
{Heap after GC invocations=11 (full 2):
 PSYoungGen      total 27136K, used 0K [0x00000000eab00000, 0x00000000ec900000, 0x0000000100000000)
  eden space 23552K, 0% used [0x00000000eab00000,0x00000000eab00000,0x00000000ec200000)
  from space 3584K, 0% used [0x00000000ec200000,0x00000000ec200000,0x00000000ec580000)
  to   space 3584K, 0% used [0x00000000ec580000,0x00000000ec580000,0x00000000ec900000)
 ParOldGen       total 68608K, used 12660K [0x00000000c0000000, 0x00000000c4300000, 0x00000000eab00000)
  object space 68608K, 18% used [0x00000000c0000000,0x00000000c0c5d180,0x00000000c4300000)
 Metaspace       used 35136K, committed 35840K, reserved 1114112K
  class space    used 3565K, committed 3904K, reserved 1048576K
}

Dll operation events (12 events):
Event: 0.079 Loaded shared library c:\Users\Nijal\.vscode\extensions\redhat.java-1.28.1-win32-x64\jre\17.0.10-win32-x86_64\bin\java.dll
Event: 0.565 Loaded shared library c:\Users\Nijal\.vscode\extensions\redhat.java-1.28.1-win32-x64\jre\17.0.10-win32-x86_64\bin\zip.dll
Event: 0.572 Loaded shared library C:\Users\Nijal\.vscode\extensions\redhat.java-1.28.1-win32-x64\jre\17.0.10-win32-x86_64\bin\instrument.dll
Event: 0.602 Loaded shared library C:\Users\Nijal\.vscode\extensions\redhat.java-1.28.1-win32-x64\jre\17.0.10-win32-x86_64\bin\net.dll
Event: 0.605 Loaded shared library C:\Users\Nijal\.vscode\extensions\redhat.java-1.28.1-win32-x64\jre\17.0.10-win32-x86_64\bin\nio.dll
Event: 0.618 Loaded shared library C:\Users\Nijal\.vscode\extensions\redhat.java-1.28.1-win32-x64\jre\17.0.10-win32-x86_64\bin\zip.dll
Event: 0.648 Loaded shared library C:\Users\Nijal\.vscode\extensions\redhat.java-1.28.1-win32-x64\jre\17.0.10-win32-x86_64\bin\jimage.dll
Event: 0.771 Loaded shared library c:\Users\Nijal\.vscode\extensions\redhat.java-1.28.1-win32-x64\jre\17.0.10-win32-x86_64\bin\verify.dll
Event: 11.864 Loaded shared library C:\Users\Nijal\AppData\Roaming\Code\User\globalStorage\redhat.java\1.28.1\config_ss_win\org.eclipse.equinox.launcher\org.eclipse.equinox.launcher.win32.win32.x86_64_1.2.900.v20240129-1338\eclipse_11900.dll
Event: 12.742 Loaded shared library C:\Users\Nijal\.vscode\extensions\redhat.java-1.28.1-win32-x64\jre\17.0.10-win32-x86_64\bin\management.dll
Event: 12.748 Loaded shared library C:\Users\Nijal\.vscode\extensions\redhat.java-1.28.1-win32-x64\jre\17.0.10-win32-x86_64\bin\management_ext.dll
Event: 16.011 Loaded shared library C:\Users\Nijal\AppData\Local\Temp\jna-75267674\jna9300687713646583351.dll

Deoptimization events (20 events):
Event: 17.043 Thread 0x0000022863a13540 Uncommon trap: trap_request=0xffffff45 fr.pc=0x000002286e2461b4 relative=0x0000000000000114
Event: 17.043 Thread 0x0000022863a13540 Uncommon trap: reason=unstable_if action=reinterpret pc=0x000002286e2461b4 method=jdk.internal.org.objectweb.asm.SymbolTable.put(Ljdk/internal/org/objectweb/asm/SymbolTable$Entry;)Ljdk/internal/org/objectweb/asm/SymbolTable$Entry; @ 13 c2
Event: 17.043 Thread 0x0000022863a13540 DEOPT PACKING pc=0x000002286e2461b4 sp=0x000000f9b90fdc70
Event: 17.043 Thread 0x0000022863a13540 DEOPT UNPACKING pc=0x000002286dc39ea3 sp=0x000000f9b90fdbd0 mode 2
Event: 17.091 Thread 0x0000022863a13540 Uncommon trap: trap_request=0xffffff45 fr.pc=0x000002286e1ab7c8 relative=0x0000000000000048
Event: 17.091 Thread 0x0000022863a13540 Uncommon trap: reason=unstable_if action=reinterpret pc=0x000002286e1ab7c8 method=java.lang.CharacterData.of(I)Ljava/lang/CharacterData; @ 4 c2
Event: 17.091 Thread 0x0000022863a13540 DEOPT PACKING pc=0x000002286e1ab7c8 sp=0x000000f9b90fd820
Event: 17.092 Thread 0x0000022863a13540 DEOPT UNPACKING pc=0x000002286dc39ea3 sp=0x000000f9b90fd7b8 mode 2
Event: 17.106 Thread 0x0000022863a13540 Uncommon trap: trap_request=0xffffff45 fr.pc=0x000002286e19a1b0 relative=0x0000000000000390
Event: 17.106 Thread 0x0000022863a13540 Uncommon trap: reason=unstable_if action=reinterpret pc=0x000002286e19a1b0 method=java.lang.StringLatin1.canEncode(I)Z @ 4 c2
Event: 17.106 Thread 0x0000022863a13540 DEOPT PACKING pc=0x000002286e19a1b0 sp=0x000000f9b90fe090
Event: 17.106 Thread 0x0000022863a13540 DEOPT UNPACKING pc=0x000002286dc39ea3 sp=0x000000f9b90fdfb8 mode 2
Event: 17.106 Thread 0x0000022863a13540 Uncommon trap: trap_request=0xffffff45 fr.pc=0x000002286e1bf18c relative=0x000000000000036c
Event: 17.106 Thread 0x0000022863a13540 Uncommon trap: reason=unstable_if action=reinterpret pc=0x000002286e1bf18c method=java.lang.AbstractStringBuilder.isLatin1()Z @ 10 c2
Event: 17.106 Thread 0x0000022863a13540 DEOPT PACKING pc=0x000002286e1bf18c sp=0x000000f9b90fe0a0
Event: 17.106 Thread 0x0000022863a13540 DEOPT UNPACKING pc=0x000002286dc39ea3 sp=0x000000f9b90fe020 mode 2
Event: 17.319 Thread 0x000002287e816570 Uncommon trap: trap_request=0xffffff45 fr.pc=0x000002286e24864c relative=0x00000000000001ac
Event: 17.319 Thread 0x000002287e816570 Uncommon trap: reason=unstable_if action=reinterpret pc=0x000002286e24864c method=java.net.URI$Parser.scan(IIJJ)I @ 42 c2
Event: 17.319 Thread 0x000002287e816570 DEOPT PACKING pc=0x000002286e24864c sp=0x000000f9bb2fdc60
Event: 17.319 Thread 0x000002287e816570 DEOPT UNPACKING pc=0x000002286dc39ea3 sp=0x000000f9bb2fdbe0 mode 2

Classes unloaded (7 events):
Event: 12.954 Thread 0x0000022863aa0e00 Unloading class 0x000000010021a400 'java/lang/invoke/LambdaForm$MH+0x000000010021a400'
Event: 12.954 Thread 0x0000022863aa0e00 Unloading class 0x000000010021a000 'java/lang/invoke/LambdaForm$MH+0x000000010021a000'
Event: 12.954 Thread 0x0000022863aa0e00 Unloading class 0x0000000100219c00 'java/lang/invoke/LambdaForm$MH+0x0000000100219c00'
Event: 12.954 Thread 0x0000022863aa0e00 Unloading class 0x0000000100219800 'java/lang/invoke/LambdaForm$MH+0x0000000100219800'
Event: 12.954 Thread 0x0000022863aa0e00 Unloading class 0x0000000100219400 'java/lang/invoke/LambdaForm$BMH+0x0000000100219400'
Event: 12.954 Thread 0x0000022863aa0e00 Unloading class 0x0000000100219000 'java/lang/invoke/LambdaForm$DMH+0x0000000100219000'
Event: 12.954 Thread 0x0000022863aa0e00 Unloading class 0x0000000100214400 'java/lang/invoke/LambdaForm$DMH+0x0000000100214400'

Classes redefined (0 events):
No events

Internal exceptions (20 events):
Event: 17.930 Thread 0x000002287dc1a6a0 Exception <a 'sun/nio/fs/WindowsException'{0x00000000ec1309f8}> (0x00000000ec1309f8) 
thrown [s\src\hotspot\share\prims\jni.cpp, line 516]
Event: 18.092 Thread 0x000002287e816570 Exception <a 'java/io/IOException'{0x00000000eacb3d60}> (0x00000000eacb3d60) 
thrown [s\src\hotspot\share\prims\jni.cpp, line 516]
Event: 18.092 Thread 0x000002287e816570 Exception <a 'java/io/IOException'{0x00000000eacb4070}> (0x00000000eacb4070) 
thrown [s\src\hotspot\share\prims\jni.cpp, line 516]
Event: 18.092 Thread 0x000002287e816570 Exception <a 'java/io/IOException'{0x00000000eacb4380}> (0x00000000eacb4380) 
thrown [s\src\hotspot\share\prims\jni.cpp, line 516]
Event: 18.108 Thread 0x000002287dc19260 Exception <a 'sun/nio/fs/WindowsException'{0x00000000ead304a0}> (0x00000000ead304a0) 
thrown [s\src\hotspot\share\prims\jni.cpp, line 516]
Event: 18.112 Thread 0x000002287dc19260 Exception <a 'sun/nio/fs/WindowsException'{0x00000000ead4b818}> (0x00000000ead4b818) 
thrown [s\src\hotspot\share\prims\jni.cpp, line 516]
Event: 18.120 Thread 0x000002287dc19260 Exception <a 'sun/nio/fs/WindowsException'{0x00000000ead53880}> (0x00000000ead53880) 
thrown [s\src\hotspot\share\prims\jni.cpp, line 516]
Event: 18.125 Thread 0x000002287dc19260 Exception <a 'sun/nio/fs/WindowsException'{0x00000000ead56d20}> (0x00000000ead56d20) 
thrown [s\src\hotspot\share\prims\jni.cpp, line 516]
Event: 18.125 Thread 0x000002287dc19260 Exception <a 'sun/nio/fs/WindowsException'{0x00000000ead57ad0}> (0x00000000ead57ad0) 
thrown [s\src\hotspot\share\prims\jni.cpp, line 516]
Event: 18.137 Thread 0x000002287dc19260 Exception <a 'sun/nio/fs/WindowsException'{0x00000000eada56a0}> (0x00000000eada56a0) 
thrown [s\src\hotspot\share\prims\jni.cpp, line 516]
Event: 18.144 Thread 0x000002287dc19260 Exception <a 'sun/nio/fs/WindowsException'{0x00000000eadb85c0}> (0x00000000eadb85c0) 
thrown [s\src\hotspot\share\prims\jni.cpp, line 516]
Event: 18.178 Thread 0x000002287dc19260 Exception <a 'sun/nio/fs/WindowsException'{0x00000000eae2f9d0}> (0x00000000eae2f9d0) 
thrown [s\src\hotspot\share\prims\jni.cpp, line 516]
Event: 18.195 Thread 0x000002287dc19260 Exception <a 'sun/nio/fs/WindowsException'{0x00000000eae484b8}> (0x00000000eae484b8) 
thrown [s\src\hotspot\share\prims\jni.cpp, line 516]
Event: 18.259 Thread 0x000002287dc19260 Exception <a 'sun/nio/fs/WindowsException'{0x00000000eaebc170}> (0x00000000eaebc170) 
thrown [s\src\hotspot\share\prims\jni.cpp, line 516]
Event: 18.266 Thread 0x000002287dc19260 Exception <a 'sun/nio/fs/WindowsException'{0x00000000eaec4110}> (0x00000000eaec4110) 
thrown [s\src\hotspot\share\prims\jni.cpp, line 516]
Event: 18.272 Thread 0x000002287dc19260 Exception <a 'sun/nio/fs/WindowsException'{0x00000000eaecb310}> (0x00000000eaecb310) 
thrown [s\src\hotspot\share\prims\jni.cpp, line 516]
Event: 18.275 Thread 0x000002287dc19260 Exception <a 'sun/nio/fs/WindowsException'{0x00000000eaed2548}> (0x00000000eaed2548) 
thrown [s\src\hotspot\share\prims\jni.cpp, line 516]
Event: 18.313 Thread 0x000002287dc19260 Exception <a 'sun/nio/fs/WindowsException'{0x00000000eaee1a68}> (0x00000000eaee1a68) 
thrown [s\src\hotspot\share\prims\jni.cpp, line 516]
Event: 18.393 Thread 0x000002287dc19260 Exception <a 'sun/nio/fs/WindowsException'{0x00000000eaf5b228}> (0x00000000eaf5b228) 
thrown [s\src\hotspot\share\prims\jni.cpp, line 516]
Event: 18.430 Thread 0x000002287dc1a6a0 Exception <a 'sun/nio/fs/WindowsException'{0x00000000eadbbc58}> (0x00000000eadbbc58) 
thrown [s\src\hotspot\share\prims\jni.cpp, line 516]

VM Operations (20 events):
Event: 14.665 Executing VM operation: HandshakeAllThreads
Event: 14.665 Executing VM operation: HandshakeAllThreads done
Event: 14.875 Executing VM operation: HandshakeAllThreads
Event: 14.875 Executing VM operation: HandshakeAllThreads done
Event: 15.165 Executing VM operation: HandshakeAllThreads
Event: 15.165 Executing VM operation: HandshakeAllThreads done
Event: 15.300 Executing VM operation: HandshakeAllThreads
Event: 15.300 Executing VM operation: HandshakeAllThreads done
Event: 16.039 Executing VM operation: HandshakeAllThreads
Event: 16.039 Executing VM operation: HandshakeAllThreads done
Event: 16.039 Executing VM operation: Cleanup
Event: 16.039 Executing VM operation: Cleanup done
Event: 16.376 Executing VM operation: ParallelGCFailedAllocation
Event: 16.381 Executing VM operation: ParallelGCFailedAllocation done
Event: 17.093 Executing VM operation: HandshakeAllThreads
Event: 17.093 Executing VM operation: HandshakeAllThreads done
Event: 17.951 Executing VM operation: ParallelGCFailedAllocation
Event: 17.960 Executing VM operation: ParallelGCFailedAllocation done
Event: 17.984 Executing VM operation: CollectForMetadataAllocation
Event: 18.043 Executing VM operation: CollectForMetadataAllocation done

Events (20 events):
Event: 18.052 loading class java/nio/file/DirectoryNotEmptyException
Event: 18.052 loading class java/nio/file/DirectoryNotEmptyException done
Event: 18.079 loading class java/nio/file/attribute/DosFileAttributeView
Event: 18.079 loading class java/nio/file/attribute/DosFileAttributeView done
Event: 18.079 loading class sun/nio/fs/WindowsFileAttributeViews$Dos
Event: 18.080 loading class sun/nio/fs/WindowsFileAttributeViews$Dos done
Event: 18.129 loading class java/util/stream/MatchOps$MatchKind
Event: 18.130 loading class java/util/stream/MatchOps$MatchKind done
Event: 18.130 loading class java/util/stream/MatchOps
Event: 18.130 loading class java/util/stream/MatchOps done
Event: 18.130 loading class java/util/stream/MatchOps$MatchOp
Event: 18.130 loading class java/util/stream/MatchOps$MatchOp done
Event: 18.130 loading class java/util/stream/MatchOps$BooleanTerminalSink
Event: 18.130 loading class java/util/stream/MatchOps$BooleanTerminalSink done
Event: 18.131 loading class java/util/stream/MatchOps$1MatchSink
Event: 18.131 loading class java/util/stream/MatchOps$1MatchSink done
Event: 18.217 loading class org/xml/sax/SAXParseException
Event: 18.217 loading class org/xml/sax/SAXParseException done
Event: 18.226 loading class java/io/DataOutputStream
Event: 18.227 loading class java/io/DataOutputStream done


Dynamic libraries:
0x00007ff71da50000 - 0x00007ff71da5e000 	c:\Users\Nijal\.vscode\extensions\redhat.java-1.28.1-win32-x64\jre\17.0.10-win32-x86_64\bin\java.exe
0x00007ff9dc550000 - 0x00007ff9dc748000 	C:\Windows\SYSTEM32\ntdll.dll
0x00007ff9dbad0000 - 0x00007ff9dbb8d000 	C:\Windows\System32\KERNEL32.DLL
0x00007ff9d9cb0000 - 0x00007ff9d9fa6000 	C:\Windows\System32\KERNELBASE.dll
0x00007ff9da300000 - 0x00007ff9da400000 	C:\Windows\System32\ucrtbase.dll
0x00007ff9aa680000 - 0x00007ff9aa69b000 	c:\Users\Nijal\.vscode\extensions\redhat.java-1.28.1-win32-x64\jre\17.0.10-win32-x86_64\bin\VCRUNTIME140.dll
0x00007ff9aa5d0000 - 0x00007ff9aa5e7000 	c:\Users\Nijal\.vscode\extensions\redhat.java-1.28.1-win32-x64\jre\17.0.10-win32-x86_64\bin\jli.dll
0x00007ff9da960000 - 0x00007ff9daafe000 	C:\Windows\System32\USER32.dll
0x00007ff9da560000 - 0x00007ff9da582000 	C:\Windows\System32\win32u.dll
0x00007ff9daf60000 - 0x00007ff9daf8b000 	C:\Windows\System32\GDI32.dll
0x00007ff9da0a0000 - 0x00007ff9da1b7000 	C:\Windows\System32\gdi32full.dll
0x00007ff9da000000 - 0x00007ff9da09d000 	C:\Windows\System32\msvcp_win.dll
0x00007ff9c2250000 - 0x00007ff9c24ea000 	C:\Windows\WinSxS\amd64_microsoft.windows.common-controls_6595b64144ccf1df_6.0.19041.3636_none_60b6a03d71f818d5\COMCTL32.dll
0x00007ff9dab00000 - 0x00007ff9dab9e000 	C:\Windows\System32\msvcrt.dll
0x00007ff9dbd20000 - 0x00007ff9dbd52000 	C:\Windows\System32\IMM32.DLL
0x00007ff9d2130000 - 0x00007ff9d213c000 	c:\Users\Nijal\.vscode\extensions\redhat.java-1.28.1-win32-x64\jre\17.0.10-win32-x86_64\bin\vcruntime140_1.dll
0x00007ff9922b0000 - 0x00007ff99233d000 	c:\Users\Nijal\.vscode\extensions\redhat.java-1.28.1-win32-x64\jre\17.0.10-win32-x86_64\bin\msvcp140.dll
0x00007ff9687c0000 - 0x00007ff969422000 	c:\Users\Nijal\.vscode\extensions\redhat.java-1.28.1-win32-x64\jre\17.0.10-win32-x86_64\bin\server\jvm.dll
0x00007ff9db9a0000 - 0x00007ff9dba53000 	C:\Windows\System32\ADVAPI32.dll
0x00007ff9db000000 - 0x00007ff9db09f000 	C:\Windows\System32\sechost.dll
0x00007ff9da7d0000 - 0x00007ff9da8f6000 	C:\Windows\System32\RPCRT4.dll
0x00007ff9d9c80000 - 0x00007ff9d9ca7000 	C:\Windows\System32\bcrypt.dll
0x00007ff9d9160000 - 0x00007ff9d91ab000 	C:\Windows\SYSTEM32\POWRPROF.dll
0x00007ff9a8fb0000 - 0x00007ff9a8fb9000 	C:\Windows\SYSTEM32\WSOCK32.dll
0x00007ff9cefb0000 - 0x00007ff9cefd7000 	C:\Windows\SYSTEM32\WINMM.dll
0x00007ff9d22e0000 - 0x00007ff9d22ea000 	C:\Windows\SYSTEM32\VERSION.dll
0x00007ff9dba60000 - 0x00007ff9dbacb000 	C:\Windows\System32\WS2_32.dll
0x00007ff9d9020000 - 0x00007ff9d9032000 	C:\Windows\SYSTEM32\UMPDC.dll
0x00007ff9d8410000 - 0x00007ff9d8422000 	C:\Windows\SYSTEM32\kernel.appcore.dll
0x00007ff9bd0c0000 - 0x00007ff9bd0ca000 	c:\Users\Nijal\.vscode\extensions\redhat.java-1.28.1-win32-x64\jre\17.0.10-win32-x86_64\bin\jimage.dll
0x00007ff9d7960000 - 0x00007ff9d7b44000 	C:\Windows\SYSTEM32\DBGHELP.DLL
0x00007ff9c2dc0000 - 0x00007ff9c2df4000 	C:\Windows\SYSTEM32\dbgcore.DLL
0x00007ff9da1c0000 - 0x00007ff9da242000 	C:\Windows\System32\bcryptPrimitives.dll
0x00007ff9bd080000 - 0x00007ff9bd08e000 	c:\Users\Nijal\.vscode\extensions\redhat.java-1.28.1-win32-x64\jre\17.0.10-win32-x86_64\bin\instrument.dll
0x00007ff993690000 - 0x00007ff9936b5000 	c:\Users\Nijal\.vscode\extensions\redhat.java-1.28.1-win32-x64\jre\17.0.10-win32-x86_64\bin\java.dll
0x00007ff9aa4a0000 - 0x00007ff9aa4b8000 	c:\Users\Nijal\.vscode\extensions\redhat.java-1.28.1-win32-x64\jre\17.0.10-win32-x86_64\bin\zip.dll
0x00007ff9dbdc0000 - 0x00007ff9dc505000 	C:\Windows\System32\SHELL32.dll
0x00007ff9d7b50000 - 0x00007ff9d82ec000 	C:\Windows\SYSTEM32\windows.storage.dll
0x00007ff9db1d0000 - 0x00007ff9db524000 	C:\Windows\System32\combase.dll
0x00007ff9d9640000 - 0x00007ff9d966e000 	C:\Windows\SYSTEM32\Wldp.dll
0x00007ff9dac00000 - 0x00007ff9daccd000 	C:\Windows\System32\OLEAUT32.dll
0x00007ff9dbc70000 - 0x00007ff9dbd1d000 	C:\Windows\System32\SHCORE.dll
0x00007ff9dbd60000 - 0x00007ff9dbdb5000 	C:\Windows\System32\shlwapi.dll
0x00007ff9d9b40000 - 0x00007ff9d9b65000 	C:\Windows\SYSTEM32\profapi.dll
0x00007ff9aa3a0000 - 0x00007ff9aa3b9000 	C:\Users\Nijal\.vscode\extensions\redhat.java-1.28.1-win32-x64\jre\17.0.10-win32-x86_64\bin\net.dll
0x00007ff9d4870000 - 0x00007ff9d497a000 	C:\Windows\SYSTEM32\WINHTTP.dll
0x00007ff9d93a0000 - 0x00007ff9d940a000 	C:\Windows\system32\mswsock.dll
0x00007ff9a3de0000 - 0x00007ff9a3df6000 	C:\Users\Nijal\.vscode\extensions\redhat.java-1.28.1-win32-x64\jre\17.0.10-win32-x86_64\bin\nio.dll
0x00007ff9b7d90000 - 0x00007ff9b7da0000 	c:\Users\Nijal\.vscode\extensions\redhat.java-1.28.1-win32-x64\jre\17.0.10-win32-x86_64\bin\verify.dll
0x00007ff993220000 - 0x00007ff99325e000 	C:\Users\Nijal\AppData\Roaming\Code\User\globalStorage\redhat.java\1.28.1\config_ss_win\org.eclipse.equinox.launcher\org.eclipse.equinox.launcher.win32.win32.x86_64_1.2.900.v20240129-1338\eclipse_11900.dll
0x00007ff9db0a0000 - 0x00007ff9db1cb000 	C:\Windows\System32\ole32.dll
0x00007ff9b7b30000 - 0x00007ff9b7b39000 	C:\Users\Nijal\.vscode\extensions\redhat.java-1.28.1-win32-x64\jre\17.0.10-win32-x86_64\bin\management.dll
0x00007ff9b79e0000 - 0x00007ff9b79eb000 	C:\Users\Nijal\.vscode\extensions\redhat.java-1.28.1-win32-x64\jre\17.0.10-win32-x86_64\bin\management_ext.dll
0x00007ff9da7c0000 - 0x00007ff9da7c8000 	C:\Windows\System32\PSAPI.DLL
0x00007ff9d9590000 - 0x00007ff9d95a8000 	C:\Windows\SYSTEM32\CRYPTSP.dll
0x00007ff9d8c30000 - 0x00007ff9d8c64000 	C:\Windows\system32\rsaenh.dll
0x00007ff9d9ac0000 - 0x00007ff9d9aee000 	C:\Windows\SYSTEM32\USERENV.dll
0x00007ff9d95b0000 - 0x00007ff9d95bc000 	C:\Windows\SYSTEM32\CRYPTBASE.dll
0x00007ff9d9040000 - 0x00007ff9d907b000 	C:\Windows\SYSTEM32\IPHLPAPI.DLL
0x00007ff9dada0000 - 0x00007ff9dada8000 	C:\Windows\System32\NSI.dll
0x00007ff9d25d0000 - 0x00007ff9d25e7000 	C:\Windows\SYSTEM32\dhcpcsvc6.DLL
0x00007ff9d2430000 - 0x00007ff9d244d000 	C:\Windows\SYSTEM32\dhcpcsvc.DLL
0x00007ff9d9080000 - 0x00007ff9d914b000 	C:\Windows\SYSTEM32\DNSAPI.dll
0x00007ff98f720000 - 0x00007ff98f765000 	C:\Users\Nijal\AppData\Local\Temp\jna-75267674\jna9300687713646583351.dll

dbghelp: loaded successfully - version: 4.0.5 - missing functions: none
symbol engine: initialized successfully - sym options: 0x614 - pdb path: .;c:\Users\Nijal\.vscode\extensions\redhat.java-1.28.1-win32-x64\jre\17.0.10-win32-x86_64\bin;C:\Windows\SYSTEM32;C:\Windows\WinSxS\amd64_microsoft.windows.common-controls_6595b64144ccf1df_6.0.19041.3636_none_60b6a03d71f818d5;c:\Users\Nijal\.vscode\extensions\redhat.java-1.28.1-win32-x64\jre\17.0.10-win32-x86_64\bin\server;C:\Users\Nijal\AppData\Roaming\Code\User\globalStorage\redhat.java\1.28.1\config_ss_win\org.eclipse.equinox.launcher\org.eclipse.equinox.launcher.win32.win32.x86_64_1.2.900.v20240129-1338;C:\Users\Nijal\AppData\Local\Temp\jna-75267674

VM Arguments:
jvm_args: --add-modules=ALL-SYSTEM --add-opens=java.base/java.util=ALL-UNNAMED --add-opens=java.base/java.lang=ALL-UNNAMED --add-opens=java.base/sun.nio.fs=ALL-UNNAMED -Declipse.application=org.eclipse.jdt.ls.core.id1 -Dosgi.bundles.defaultStartLevel=4 -Declipse.product=org.eclipse.jdt.ls.core.product -Djava.import.generatesMetadataFilesAtProjectRoot=false -DDetectVMInstallationsJob.disabled=true -Dfile.encoding=utf8 -XX:+UseParallelGC -XX:GCTimeRatio=4 -XX:AdaptiveSizePolicyWeight=90 -Dsun.zip.disableMemoryMapping=true -Xmx1G -Xms100m -Xlog:disable -javaagent:c:\Users\Nijal\.vscode\extensions\redhat.java-1.28.1-win32-x64\lombok\lombok-1.18.31.jar 
java_command: c:\Users\Nijal\.vscode\extensions\redhat.java-1.28.1-win32-x64\server\plugins\org.eclipse.equinox.launcher_1.6.700.v20231214-2017.jar -configuration c:\Users\Nijal\AppData\Roaming\Code\User\globalStorage\redhat.java\1.28.1\config_ss_win -data c:\Users\Nijal\AppData\Roaming\Code\User\workspaceStorage\b9a67ca91ce6951b9b4f41b2c744f4a0\redhat.java\ss_ws --stdio
java_class_path (initial): c:\Users\Nijal\.vscode\extensions\redhat.java-1.28.1-win32-x64\server\plugins\org.eclipse.equinox.launcher_1.6.700.v20231214-2017.jar
Launcher Type: SUN_STANDARD

[Global flags]
    uintx AdaptiveSizePolicyWeight                 = 90                                        {product} {command line}
     intx CICompilerCount                          = 4                                         {product} {ergonomic}
    uintx GCTimeRatio                              = 4                                         {product} {command line}
   size_t InitialHeapSize                          = 104857600                                 {product} {command line}
   size_t MaxHeapSize                              = 1073741824                                {product} {command line}
   size_t MaxNewSize                               = 357564416                                 {product} {ergonomic}
   size_t MinHeapDeltaBytes                        = 524288                                    {product} {ergonomic}
   size_t MinHeapSize                              = 104857600                                 {product} {command line}
   size_t NewSize                                  = 34603008                                  {product} {ergonomic}
    uintx NonNMethodCodeHeapSize                   = 5839372                                {pd product} {ergonomic}
    uintx NonProfiledCodeHeapSize                  = 122909434                              {pd product} {ergonomic}
   size_t OldSize                                  = 70254592                                  {product} {ergonomic}
    uintx ProfiledCodeHeapSize                     = 122909434                              {pd product} {ergonomic}
    uintx ReservedCodeCacheSize                    = 251658240                              {pd product} {ergonomic}
     bool SegmentedCodeCache                       = true                                      {product} {ergonomic}
   size_t SoftMaxHeapSize                          = 1073741824                             {manageable} {ergonomic}
     bool UseCompressedClassPointers               = true                           {product lp64_product} {ergonomic}
     bool UseCompressedOops                        = true                           {product lp64_product} {ergonomic}
     bool UseLargePagesIndividualAllocation        = false                                  {pd product} {ergonomic}
     bool UseParallelGC                            = true                                      {product} {command line}

Logging:
Log output configuration:
 #0: stdout all=off uptime,level,tags
 #1: stderr all=off uptime,level,tags

Environment Variables:
PATH=C:\Python312\Scripts\;C:\Python312\;C:\Program Files\Common Files\Oracle\Java\javapath;C:\Windows\system32;C:\Windows;C:\Windows\System32\Wbem;C:\Windows\System32\WindowsPowerShell\v1.0\;C:\Windows\System32\OpenSSH\;C:\Program Files\dotnet\;C:\MinGW\bin;D:\Git\cmd;C:\Program Files\Docker\Docker\resources\bin;C:\flutter\bin;C:\Program Files\MySQL\MySQL Server 8.0\bin;;C:\Program Files\Cloudflare\Cloudflare WARP\;C:\Program Files\nodejs\;C:\ProgramData\chocolatey\bin;C:\Program Files\MySQL\MySQL Shell 8.0\bin\;C:\Users\Nijal\anaconda3;C:\Users\Nijal\anaconda3\Library\mingw-w64\bin;C:\Users\Nijal\anaconda3\Library\usr\bin;C:\Users\Nijal\anaconda3\Library\bin;C:\Users\Nijal\anaconda3\Scripts;C:\Users\Nijal\AppData\Local\Programs\Python\Python311\Scripts\;C:\Users\Nijal\AppData\Local\Programs\Python\Python311\;C:\Users\Nijal\AppData\Local\Microsoft\WindowsApps;C:\MinGW\bin;C:\Program Files\CodeBlocks\MinGW\bin;C:\MinGW\bin;C:\Users\Nijal\AppData\Local\Programs\Microsoft VS Code\bin;C:\MinGW\bin;D:\IntelliJ IDEA Community Edition 2022.1.3\bin;;C:\Program Files\JetBrains\WebStorm 2022.3.2\bin;;C:\Program Files\JetBrains\IntelliJ IDEA 2023.1.3\bin;;C:\flutter\bin;C:\dev\flutter\bin;C:\Users\Nijal\AppData\Roaming\npm
USERNAME=Nijal
OS=Windows_NT
PROCESSOR_IDENTIFIER=Intel64 Family 6 Model 140 Stepping 1, GenuineIntel
TMP=C:\Users\Nijal\AppData\Local\Temp
TEMP=C:\Users\Nijal\AppData\Local\Temp



Periodic native trim disabled


---------------  S Y S T E M  ---------------

OS:
 Windows 10 , 64 bit Build 19041 (10.0.19041.3636)
OS uptime: 0 days 11:46 hours
Hyper-V role detected

CPU: total 8 (initial active 8) (4 cores per cpu, 2 threads per core) family 6 model 140 stepping 1 microcode 0xb4, cx8, cmov, fxsr, ht, mmx, 3dnowpref, sse, sse2, sse3, ssse3, sse4.1, sse4.2, popcnt, lzcnt, tsc, tscinvbit, avx, avx2, aes, erms, clmul, bmi1, bmi2, adx, avx512f, avx512dq, avx512cd, avx512bw, avx512vl, sha, fma, vzeroupper, avx512_vpopcntdq, avx512_vpclmulqdq, avx512_vaes, avx512_vnni, clflush, clflushopt, clwb, avx512_vbmi2, avx512_vbmi, hv
Processor Information for processor 0
  Max Mhz: 2419, Current Mhz: 2419, Mhz Limit: 2419
Processor Information for processor 1
  Max Mhz: 2419, Current Mhz: 907, Mhz Limit: 2419
Processor Information for processor 2
  Max Mhz: 2419, Current Mhz: 907, Mhz Limit: 2419
Processor Information for processor 3
  Max Mhz: 2419, Current Mhz: 2419, Mhz Limit: 2419
Processor Information for processor 4
  Max Mhz: 2419, Current Mhz: 907, Mhz Limit: 2419
Processor Information for processor 5
  Max Mhz: 2419, Current Mhz: 2419, Mhz Limit: 2419
Processor Information for processor 6
  Max Mhz: 2419, Current Mhz: 907, Mhz Limit: 2419
Processor Information for processor 7
  Max Mhz: 2419, Current Mhz: 907, Mhz Limit: 2419

Memory: 4k page, system-wide physical 7926M (447M free)
TotalPageFile size 16118M (AvailPageFile size 12M)
current process WorkingSet (physical memory assigned to process): 148M, peak: 148M
current process commit charge ("private bytes"): 247M, peak: 252M

vm_info: OpenJDK 64-Bit Server VM (17.0.10+7) for windows-amd64 JRE (17.0.10+7), built on Jan 16 2024 23:25:11 by "admin" with MS VC++ 16.10 / 16.11 (VS2019)

END.
