#
# There is insufficient memory for the Java Runtime Environment to continue.
# Native memory allocation (malloc) failed to allocate 1624176 bytes for Chunk::new
# Possible reasons:
#   The system is out of physical RAM or swap space
#   The process is running with CompressedOops enabled, and the Java Heap may be blocking the growth of the native heap
# Possible solutions:
#   Reduce memory load on the system
#   Increase physical memory or swap space
#   Check if swap backing store is full
#   Decrease Java heap size (-Xmx/-Xms)
#   Decrease number of Java threads
#   Decrease Java thread stack sizes (-Xss)
#   Set larger code cache with -XX:ReservedCodeCacheSize=
#   JVM is running with Unscaled Compressed Oops mode in which the Java heap is
#     placed in the first 4GB address space. The Java Heap base address is the
#     maximum limit for the native heap growth. Please use -XX:HeapBaseMinAddress
#     to set the Java Heap base and to place the Java Heap above 4GB virtual address.
# This output file may be truncated or incomplete.
#
#  Out of Memory Error (arena.cpp:191), pid=15080, tid=5868
#
# JRE version: OpenJDK Runtime Environment Temurin-17.0.10+7 (17.0.10+7) (build 17.0.10+7)
# Java VM: OpenJDK 64-Bit Server VM Temurin-17.0.10+7 (17.0.10+7, mixed mode, tiered, compressed oops, compressed class ptrs, parallel gc, windows-amd64)
# No core dump will be written. Minidumps are not enabled by default on client versions of Windows
#

---------------  S U M M A R Y ------------

Command Line: --add-modules=ALL-SYSTEM --add-opens=java.base/java.util=ALL-UNNAMED --add-opens=java.base/java.lang=ALL-UNNAMED --add-opens=java.base/sun.nio.fs=ALL-UNNAMED -Declipse.application=org.eclipse.jdt.ls.core.id1 -Dosgi.bundles.defaultStartLevel=4 -Declipse.product=org.eclipse.jdt.ls.core.product -Djava.import.generatesMetadataFilesAtProjectRoot=false -DDetectVMInstallationsJob.disabled=true -Dfile.encoding=utf8 -XX:+UseParallelGC -XX:GCTimeRatio=4 -XX:AdaptiveSizePolicyWeight=90 -Dsun.zip.disableMemoryMapping=true -Xmx1G -Xms100m -Xlog:disable -javaagent:c:\Users\Nijal\.vscode\extensions\redhat.java-1.28.1-win32-x64\lombok\lombok-1.18.31.jar c:\Users\Nijal\.vscode\extensions\redhat.java-1.28.1-win32-x64\server\plugins\org.eclipse.equinox.launcher_1.6.700.v20231214-2017.jar -configuration c:\Users\Nijal\AppData\Roaming\Code\User\globalStorage\redhat.java\1.28.1\config_ss_win -data c:\Users\Nijal\AppData\Roaming\Code\User\workspaceStorage\b9a67ca91ce6951b9b4f41b2c744f4a0\redhat.java\ss_ws --stdio

Host: 11th Gen Intel(R) Core(TM) i5-1135G7 @ 2.40GHz, 8 cores, 7G,  Windows 10 , 64 bit Build 19041 (10.0.19041.3636)
Time: Mon Mar 11 01:24:11 2024 India Standard Time elapsed time: 4.173928 seconds (0d 0h 0m 4s)

---------------  T H R E A D  ---------------

Current thread (0x000002782f2b2cc0):  JavaThread "C2 CompilerThread0" daemon [_thread_in_native, id=5868, stack(0x000000efa6a00000,0x000000efa6b00000)]


Current CompileTask:
C2:   4174 2259       4       org.lombokweb.asm.ClassReader::readMethod (1066 bytes)

Stack: [0x000000efa6a00000,0x000000efa6b00000]
Native frames: (J=compiled Java code, j=interpreted, Vv=VM code, C=native code)
V  [jvm.dll+0x67d2c9]
V  [jvm.dll+0x834afa]
V  [jvm.dll+0x8365be]
V  [jvm.dll+0x836c23]
V  [jvm.dll+0x2477ff]
V  [jvm.dll+0xac514]
V  [jvm.dll+0xacb5c]
V  [jvm.dll+0x366782]
V  [jvm.dll+0x1bcd86]
V  [jvm.dll+0x21a049]
V  [jvm.dll+0x219311]
V  [jvm.dll+0x1a502d]
V  [jvm.dll+0x2290de]
V  [jvm.dll+0x2272ac]
V  [jvm.dll+0x7e9bb7]
V  [jvm.dll+0x7e3fba]
V  [jvm.dll+0x67c1b5]
C  [ucrtbase.dll+0x21bb2]
C  [KERNEL32.DLL+0x17344]
C  [ntdll.dll+0x526b1]


---------------  P R O C E S S  ---------------

Threads class SMR info:
_java_thread_list=0x000002783190db30, length=22, elements={
0x0000027816153130, 0x0000027829fea4d0, 0x0000027829feb680, 0x000002782f286150,
0x000002782f286a20, 0x000002782f287a90, 0x000002782f288b00, 0x000002782f2b2cc0,
0x000002782f2ba6b0, 0x000002782f2bc270, 0x00000278161b3c20, 0x000002782f592c20,
0x00000278302bca20, 0x00000278302bde60, 0x00000278302bc000, 0x00000278302bbaf0,
0x00000278302bb0d0, 0x00000278302be370, 0x00000278302bcf30, 0x00000278302bb5e0,
0x000002782f2b9c10, 0x00000278302bd440
}

Java Threads: ( => current thread )
  0x0000027816153130 JavaThread "main" [_thread_blocked, id=15388, stack(0x000000efa6100000,0x000000efa6200000)]
  0x0000027829fea4d0 JavaThread "Reference Handler" daemon [_thread_blocked, id=13012, stack(0x000000efa6400000,0x000000efa6500000)]
  0x0000027829feb680 JavaThread "Finalizer" daemon [_thread_blocked, id=16756, stack(0x000000efa6500000,0x000000efa6600000)]
  0x000002782f286150 JavaThread "Signal Dispatcher" daemon [_thread_blocked, id=20260, stack(0x000000efa6600000,0x000000efa6700000)]
  0x000002782f286a20 JavaThread "Attach Listener" daemon [_thread_blocked, id=5276, stack(0x000000efa6700000,0x000000efa6800000)]
  0x000002782f287a90 JavaThread "Service Thread" daemon [_thread_blocked, id=18544, stack(0x000000efa6800000,0x000000efa6900000)]
  0x000002782f288b00 JavaThread "Monitor Deflation Thread" daemon [_thread_blocked, id=19192, stack(0x000000efa6900000,0x000000efa6a00000)]
=>0x000002782f2b2cc0 JavaThread "C2 CompilerThread0" daemon [_thread_in_native, id=5868, stack(0x000000efa6a00000,0x000000efa6b00000)]
  0x000002782f2ba6b0 JavaThread "C1 CompilerThread0" daemon [_thread_blocked, id=5696, stack(0x000000efa6b00000,0x000000efa6c00000)]
  0x000002782f2bc270 JavaThread "Sweeper thread" daemon [_thread_blocked, id=6660, stack(0x000000efa6c00000,0x000000efa6d00000)]
  0x00000278161b3c20 JavaThread "Common-Cleaner" daemon [_thread_blocked, id=8824, stack(0x000000efa6d00000,0x000000efa6e00000)]
  0x000002782f592c20 JavaThread "Notification Thread" daemon [_thread_blocked, id=20368, stack(0x000000efa6f00000,0x000000efa7000000)]
  0x00000278302bca20 JavaThread "Active Thread: Equinox Container: cf3626b1-889d-49b2-8655-4ccf674e910b" [_thread_blocked, id=12144, stack(0x000000efa7700000,0x000000efa7800000)]
  0x00000278302bde60 JavaThread "Framework Event Dispatcher: Equinox Container: cf3626b1-889d-49b2-8655-4ccf674e910b" daemon [_thread_blocked, id=19840, stack(0x000000efa6e00000,0x000000efa6f00000)]
  0x00000278302bc000 JavaThread "Start Level: Equinox Container: cf3626b1-889d-49b2-8655-4ccf674e910b" daemon [_thread_blocked, id=19928, stack(0x000000efa7800000,0x000000efa7900000)]
  0x00000278302bbaf0 JavaThread "SCR Component Actor" daemon [_thread_blocked, id=17056, stack(0x000000efa7900000,0x000000efa7a00000)]
  0x00000278302bb0d0 JavaThread "SCR Component Registry" daemon [_thread_blocked, id=9180, stack(0x000000efa7b00000,0x000000efa7c00000)]
  0x00000278302be370 JavaThread "Worker-JM" [_thread_blocked, id=15116, stack(0x000000efa7c00000,0x000000efa7d00000)]
  0x00000278302bcf30 JavaThread "Worker-0" [_thread_blocked, id=20048, stack(0x000000efa7d00000,0x000000efa7e00000)]
  0x00000278302bb5e0 JavaThread "Worker-1" [_thread_blocked, id=18164, stack(0x000000efa7e00000,0x000000efa7f00000)]
  0x000002782f2b9c10 JavaThread "C2 CompilerThread1" daemon [_thread_blocked, id=3908, stack(0x000000efa7f00000,0x000000efa8000000)]
  0x00000278302bd440 JavaThread "Java indexing" daemon [_thread_blocked, id=2748, stack(0x000000efa8000000,0x000000efa8100000)]

Other Threads:
  0x000002781620e8e0 VMThread "VM Thread" [stack: 0x000000efa6300000,0x000000efa6400000] [id=17720]
  0x000002782f593100 WatcherThread [stack: 0x000000efa7000000,0x000000efa7100000] [id=14728]
  0x0000027816166a40 GCTaskThread "GC Thread#0" [stack: 0x000000efa6200000,0x000000efa6300000] [id=13140]
  0x0000027830813090 GCTaskThread "GC Thread#1" [stack: 0x000000efa7100000,0x000000efa7200000] [id=19676]
  0x00000278307fb470 GCTaskThread "GC Thread#2" [stack: 0x000000efa7200000,0x000000efa7300000] [id=13856]
  0x000002783082ae20 GCTaskThread "GC Thread#3" [stack: 0x000000efa7300000,0x000000efa7400000] [id=12816]
  0x000002783082b0e0 GCTaskThread "GC Thread#4" [stack: 0x000000efa7400000,0x000000efa7500000] [id=21424]
  0x0000027830815810 GCTaskThread "GC Thread#5" [stack: 0x000000efa7500000,0x000000efa7600000] [id=18664]
  0x0000027830815ad0 GCTaskThread "GC Thread#6" [stack: 0x000000efa7600000,0x000000efa7700000] [id=16176]
  0x0000027830c28930 GCTaskThread "GC Thread#7" [stack: 0x000000efa7a00000,0x000000efa7b00000] [id=12872]

Threads with active compile tasks:
C2 CompilerThread0     4192 2259       4       org.lombokweb.asm.ClassReader::readMethod (1066 bytes)

VM state: not at safepoint (normal execution)

VM Mutex/Monitor currently owned by a thread: None

Heap address: 0x00000000c0000000, size: 1024 MB, Compressed Oops mode: 32-bit

CDS archive(s) not mapped
Compressed class space mapped at: 0x0000000100000000-0x0000000140000000, reserved size: 1073741824
Narrow klass base: 0x0000000000000000, Narrow klass shift: 3, Narrow klass range: 0x140000000

GC Precious Log:
 CPUs: 8 total, 8 available
 Memory: 7926M
 Large Page Support: Disabled
 NUMA Support: Disabled
 Compressed Oops: Enabled (32-bit)
 Alignments: Space 512K, Generation 512K, Heap 2M
 Heap Min Capacity: 100M
 Heap Initial Capacity: 100M
 Heap Max Capacity: 1G
 Pre-touch: Disabled
 Parallel Workers: 8

Heap:
 PSYoungGen      total 25600K, used 25564K [0x00000000eab00000, 0x00000000ec880000, 0x0000000100000000)
  eden space 25088K, 100% used [0x00000000eab00000,0x00000000ec380000,0x00000000ec380000)
  from space 512K, 92% used [0x00000000ec400000,0x00000000ec4770a0,0x00000000ec480000)
  to   space 2560K, 0% used [0x00000000ec600000,0x00000000ec600000,0x00000000ec880000)
 ParOldGen       total 68608K, used 7227K [0x00000000c0000000, 0x00000000c4300000, 0x00000000eab00000)
  object space 68608K, 10% used [0x00000000c0000000,0x00000000c070ee58,0x00000000c4300000)
 Metaspace       used 26456K, committed 27008K, reserved 1114112K
  class space    used 2552K, committed 2816K, reserved 1048576K

Card table byte_map: [0x0000027815b20000,0x0000027815d30000] _byte_map_base: 0x0000027815520000

Marking Bits: (ParMarkBitMap*) 0x00007ff96935d7d0
 Begin Bits: [0x0000027827df0000, 0x0000027828df0000)
 End Bits:   [0x0000027828df0000, 0x0000027829df0000)

Polling page: 0x0000027815910000

Metaspace:

Usage:
  Non-class:     23.34 MB used.
      Class:      2.49 MB used.
       Both:     25.84 MB used.

Virtual space:
  Non-class space:       64.00 MB reserved,      23.62 MB ( 37%) committed,  1 nodes.
      Class space:        1.00 GB reserved,       2.75 MB ( <1%) committed,  1 nodes.
             Both:        1.06 GB reserved,      26.38 MB (  2%) committed. 

Chunk freelists:
   Non-Class:  7.84 MB
       Class:  13.31 MB
        Both:  21.15 MB

MaxMetaspaceSize: unlimited
CompressedClassSpaceSize: 1.00 GB
Initial GC threshold: 21.00 MB
Current GC threshold: 35.00 MB
CDS: off
MetaspaceReclaimPolicy: balanced
 - commit_granule_bytes: 65536.
 - commit_granule_words: 8192.
 - virtual_space_node_default_size: 8388608.
 - enlarge_chunks_in_place: 1.
 - new_chunks_are_fully_committed: 0.
 - uncommit_free_chunks: 1.
 - use_allocation_guard: 0.
 - handle_deallocations: 1.


Internal statistics:

num_allocs_failed_limit: 3.
num_arena_births: 268.
num_arena_deaths: 14.
num_vsnodes_births: 2.
num_vsnodes_deaths: 0.
num_space_committed: 422.
num_space_uncommitted: 0.
num_chunks_returned_to_freelist: 17.
num_chunks_taken_from_freelist: 980.
num_chunk_merges: 8.
num_chunk_splits: 653.
num_chunks_enlarged: 455.
num_inconsistent_stats: 0.

CodeHeap 'non-profiled nmethods': size=120000Kb used=931Kb max_used=931Kb free=119068Kb
 bounds [0x00000278208c0000, 0x0000027820b30000, 0x0000027827df0000]
CodeHeap 'profiled nmethods': size=120000Kb used=4684Kb max_used=4684Kb free=115315Kb
 bounds [0x0000027818df0000, 0x0000027819290000, 0x0000027820320000]
CodeHeap 'non-nmethods': size=5760Kb used=1236Kb max_used=1252Kb free=4523Kb
 bounds [0x0000027820320000, 0x0000027820590000, 0x00000278208c0000]
 total_blobs=2887 nmethods=2351 adapters=450
 compilation: enabled
              stopped_count=0, restarted_count=0
 full_count=0

Compilation events (20 events):
Event: 3.842 Thread 0x000002782f2ba6b0 2275       3       java.util.regex.Pattern$BranchConn::match (11 bytes)
Event: 3.842 Thread 0x000002782f2ba6b0 nmethod 2275 0x000002781924f990 code [0x000002781924fb40, 0x000002781924fd08]
Event: 3.862 Thread 0x000002782f2ba6b0 2279       3       org.lombokweb.asm.ClassReader::<init> (371 bytes)
Event: 3.864 Thread 0x000002782f2ba6b0 nmethod 2279 0x000002781924fe10 code [0x00000278192500e0, 0x0000027819251298]
Event: 3.864 Thread 0x000002782f2ba6b0 2280       3       org.lombokweb.asm.SymbolTable::<init> (536 bytes)
Event: 3.867 Thread 0x000002782f2ba6b0 nmethod 2280 0x0000027819251810 code [0x0000027819251da0, 0x00000278192546a8]
Event: 3.867 Thread 0x000002782f2ba6b0 2282       3       org.lombokweb.asm.MethodWriter::visitMethodInsn (191 bytes)
Event: 3.868 Thread 0x000002782f2ba6b0 nmethod 2282 0x0000027819255810 code [0x0000027819255a40, 0x0000027819256248]
Event: 3.868 Thread 0x000002782f2ba6b0 2283       3       org.lombokweb.asm.SymbolTable::addConstantMethodref (24 bytes)
Event: 3.868 Thread 0x000002782f2ba6b0 nmethod 2283 0x0000027819256590 code [0x0000027819256740, 0x00000278192568e8]
Event: 3.868 Thread 0x000002782f2ba6b0 2281       3       org.lombokweb.asm.ClassReader::readLong (29 bytes)
Event: 3.868 Thread 0x000002782f2ba6b0 nmethod 2281 0x0000027819256990 code [0x0000027819256b40, 0x0000027819256cf8]
Event: 3.868 Thread 0x000002782f2ba6b0 2285       3       org.lombokweb.asm.ByteVector::putUTF8 (144 bytes)
Event: 3.870 Thread 0x000002782f2ba6b0 nmethod 2285 0x0000027819256e10 code [0x0000027819257080, 0x0000027819257b88]
Event: 3.914 Thread 0x000002782f2ba6b0 2286       3       org.lombokweb.asm.MethodVisitor::visitInsn (16 bytes)
Event: 3.915 Thread 0x000002782f2ba6b0 nmethod 2286 0x0000027819258090 code [0x0000027819258240, 0x0000027819258448]
Event: 3.917 Thread 0x000002782f2ba6b0 2287       3       java.lang.String::subSequence (7 bytes)
Event: 3.917 Thread 0x000002782f2ba6b0 nmethod 2287 0x0000027819258510 code [0x00000278192586a0, 0x00000278192587e8]
Event: 3.922 Thread 0x000002782f2ba6b0 2288       1       org.eclipse.osgi.internal.loader.sources.PackageSource::getId (5 bytes)
Event: 3.922 Thread 0x000002782f2ba6b0 nmethod 2288 0x00000278209a1810 code [0x00000278209a19a0, 0x00000278209a1a78]

GC Heap History (12 events):
Event: 1.132 GC heap before
{Heap before GC invocations=1 (full 0):
 PSYoungGen      total 29696K, used 25600K [0x00000000eab00000, 0x00000000ecc00000, 0x0000000100000000)
  eden space 25600K, 100% used [0x00000000eab00000,0x00000000ec400000,0x00000000ec400000)
  from space 4096K, 0% used [0x00000000ec800000,0x00000000ec800000,0x00000000ecc00000)
  to   space 4096K, 0% used [0x00000000ec400000,0x00000000ec400000,0x00000000ec800000)
 ParOldGen       total 68608K, used 0K [0x00000000c0000000, 0x00000000c4300000, 0x00000000eab00000)
  object space 68608K, 0% used [0x00000000c0000000,0x00000000c0000000,0x00000000c4300000)
 Metaspace       used 10999K, committed 11200K, reserved 1114112K
  class space    used 1098K, committed 1216K, reserved 1048576K
}
Event: 1.141 GC heap after
{Heap after GC invocations=1 (full 0):
 PSYoungGen      total 29696K, used 3188K [0x00000000eab00000, 0x00000000ecc00000, 0x0000000100000000)
  eden space 25600K, 0% used [0x00000000eab00000,0x00000000eab00000,0x00000000ec400000)
  from space 4096K, 77% used [0x00000000ec400000,0x00000000ec71d150,0x00000000ec800000)
  to   space 4096K, 0% used [0x00000000ec800000,0x00000000ec800000,0x00000000ecc00000)
 ParOldGen       total 68608K, used 16K [0x00000000c0000000, 0x00000000c4300000, 0x00000000eab00000)
  object space 68608K, 0% used [0x00000000c0000000,0x00000000c0004000,0x00000000c4300000)
 Metaspace       used 10999K, committed 11200K, reserved 1114112K
  class space    used 1098K, committed 1216K, reserved 1048576K
}
Event: 2.398 GC heap before
{Heap before GC invocations=2 (full 0):
 PSYoungGen      total 29696K, used 28788K [0x00000000eab00000, 0x00000000ecc00000, 0x0000000100000000)
  eden space 25600K, 100% used [0x00000000eab00000,0x00000000ec400000,0x00000000ec400000)
  from space 4096K, 77% used [0x00000000ec400000,0x00000000ec71d150,0x00000000ec800000)
  to   space 4096K, 0% used [0x00000000ec800000,0x00000000ec800000,0x00000000ecc00000)
 ParOldGen       total 68608K, used 16K [0x00000000c0000000, 0x00000000c4300000, 0x00000000eab00000)
  object space 68608K, 0% used [0x00000000c0000000,0x00000000c0004000,0x00000000c4300000)
 Metaspace       used 14921K, committed 15168K, reserved 1114112K
  class space    used 1516K, committed 1664K, reserved 1048576K
}
Event: 2.404 GC heap after
{Heap after GC invocations=2 (full 0):
 PSYoungGen      total 29696K, used 4084K [0x00000000eab00000, 0x00000000ecc00000, 0x0000000100000000)
  eden space 25600K, 0% used [0x00000000eab00000,0x00000000eab00000,0x00000000ec400000)
  from space 4096K, 99% used [0x00000000ec800000,0x00000000ecbfd130,0x00000000ecc00000)
  to   space 4096K, 0% used [0x00000000ec400000,0x00000000ec400000,0x00000000ec800000)
 ParOldGen       total 68608K, used 734K [0x00000000c0000000, 0x00000000c4300000, 0x00000000eab00000)
  object space 68608K, 1% used [0x00000000c0000000,0x00000000c00b7810,0x00000000c4300000)
 Metaspace       used 14921K, committed 15168K, reserved 1114112K
  class space    used 1516K, committed 1664K, reserved 1048576K
}
Event: 3.202 GC heap before
{Heap before GC invocations=3 (full 0):
 PSYoungGen      total 29696K, used 29684K [0x00000000eab00000, 0x00000000ecc00000, 0x0000000100000000)
  eden space 25600K, 100% used [0x00000000eab00000,0x00000000ec400000,0x00000000ec400000)
  from space 4096K, 99% used [0x00000000ec800000,0x00000000ecbfd130,0x00000000ecc00000)
  to   space 4096K, 0% used [0x00000000ec400000,0x00000000ec400000,0x00000000ec800000)
 ParOldGen       total 68608K, used 734K [0x00000000c0000000, 0x00000000c4300000, 0x00000000eab00000)
  object space 68608K, 1% used [0x00000000c0000000,0x00000000c00b7810,0x00000000c4300000)
 Metaspace       used 20048K, committed 20416K, reserved 1114112K
  class space    used 2045K, committed 2176K, reserved 1048576K
}
Event: 3.208 GC heap after
{Heap after GC invocations=3 (full 0):
 PSYoungGen      total 29696K, used 4088K [0x00000000eab00000, 0x00000000ecc00000, 0x0000000100000000)
  eden space 25600K, 0% used [0x00000000eab00000,0x00000000eab00000,0x00000000ec400000)
  from space 4096K, 99% used [0x00000000ec400000,0x00000000ec7fe318,0x00000000ec800000)
  to   space 4096K, 0% used [0x00000000ec800000,0x00000000ec800000,0x00000000ecc00000)
 ParOldGen       total 68608K, used 2461K [0x00000000c0000000, 0x00000000c4300000, 0x00000000eab00000)
  object space 68608K, 3% used [0x00000000c0000000,0x00000000c0267418,0x00000000c4300000)
 Metaspace       used 20048K, committed 20416K, reserved 1114112K
  class space    used 2045K, committed 2176K, reserved 1048576K
}
Event: 3.373 GC heap before
{Heap before GC invocations=4 (full 0):
 PSYoungGen      total 29696K, used 10872K [0x00000000eab00000, 0x00000000ecc00000, 0x0000000100000000)
  eden space 25600K, 26% used [0x00000000eab00000,0x00000000eb19ff70,0x00000000ec400000)
  from space 4096K, 99% used [0x00000000ec400000,0x00000000ec7fe318,0x00000000ec800000)
  to   space 4096K, 0% used [0x00000000ec800000,0x00000000ec800000,0x00000000ecc00000)
 ParOldGen       total 68608K, used 2461K [0x00000000c0000000, 0x00000000c4300000, 0x00000000eab00000)
  object space 68608K, 3% used [0x00000000c0000000,0x00000000c0267418,0x00000000c4300000)
 Metaspace       used 21071K, committed 21504K, reserved 1114112K
  class space    used 2150K, committed 2368K, reserved 1048576K
}
Event: 3.376 GC heap after
{Heap after GC invocations=4 (full 0):
 PSYoungGen      total 29696K, used 4069K [0x00000000eab00000, 0x00000000ecc00000, 0x0000000100000000)
  eden space 25600K, 0% used [0x00000000eab00000,0x00000000eab00000,0x00000000ec400000)
  from space 4096K, 99% used [0x00000000ec800000,0x00000000ecbf9738,0x00000000ecc00000)
  to   space 4096K, 0% used [0x00000000ec400000,0x00000000ec400000,0x00000000ec800000)
 ParOldGen       total 68608K, used 3308K [0x00000000c0000000, 0x00000000c4300000, 0x00000000eab00000)
  object space 68608K, 4% used [0x00000000c0000000,0x00000000c033b118,0x00000000c4300000)
 Metaspace       used 21071K, committed 21504K, reserved 1114112K
  class space    used 2150K, committed 2368K, reserved 1048576K
}
Event: 3.376 GC heap before
{Heap before GC invocations=5 (full 1):
 PSYoungGen      total 29696K, used 4069K [0x00000000eab00000, 0x00000000ecc00000, 0x0000000100000000)
  eden space 25600K, 0% used [0x00000000eab00000,0x00000000eab00000,0x00000000ec400000)
  from space 4096K, 99% used [0x00000000ec800000,0x00000000ecbf9738,0x00000000ecc00000)
  to   space 4096K, 0% used [0x00000000ec400000,0x00000000ec400000,0x00000000ec800000)
 ParOldGen       total 68608K, used 3308K [0x00000000c0000000, 0x00000000c4300000, 0x00000000eab00000)
  object space 68608K, 4% used [0x00000000c0000000,0x00000000c033b118,0x00000000c4300000)
 Metaspace       used 21071K, committed 21504K, reserved 1114112K
  class space    used 2150K, committed 2368K, reserved 1048576K
}
Event: 3.406 GC heap after
{Heap after GC invocations=5 (full 1):
 PSYoungGen      total 29696K, used 0K [0x00000000eab00000, 0x00000000ecc00000, 0x0000000100000000)
  eden space 25600K, 0% used [0x00000000eab00000,0x00000000eab00000,0x00000000ec400000)
  from space 4096K, 0% used [0x00000000ec800000,0x00000000ec800000,0x00000000ecc00000)
  to   space 4096K, 0% used [0x00000000ec400000,0x00000000ec400000,0x00000000ec800000)
 ParOldGen       total 68608K, used 7219K [0x00000000c0000000, 0x00000000c4300000, 0x00000000eab00000)
  object space 68608K, 10% used [0x00000000c0000000,0x00000000c070ce58,0x00000000c4300000)
 Metaspace       used 21057K, committed 21504K, reserved 1114112K
  class space    used 2146K, committed 2368K, reserved 1048576K
}
Event: 3.763 GC heap before
{Heap before GC invocations=6 (full 1):
 PSYoungGen      total 29696K, used 25600K [0x00000000eab00000, 0x00000000ecc00000, 0x0000000100000000)
  eden space 25600K, 100% used [0x00000000eab00000,0x00000000ec400000,0x00000000ec400000)
  from space 4096K, 0% used [0x00000000ec800000,0x00000000ec800000,0x00000000ecc00000)
  to   space 4096K, 0% used [0x00000000ec400000,0x00000000ec400000,0x00000000ec800000)
 ParOldGen       total 68608K, used 7219K [0x00000000c0000000, 0x00000000c4300000, 0x00000000eab00000)
  object space 68608K, 10% used [0x00000000c0000000,0x00000000c070ce58,0x00000000c4300000)
 Metaspace       used 24287K, committed 24768K, reserved 1114112K
  class space    used 2381K, committed 2624K, reserved 1048576K
}
Event: 3.766 GC heap after
{Heap after GC invocations=6 (full 1):
 PSYoungGen      total 25600K, used 476K [0x00000000eab00000, 0x00000000ec880000, 0x0000000100000000)
  eden space 25088K, 0% used [0x00000000eab00000,0x00000000eab00000,0x00000000ec380000)
  from space 512K, 92% used [0x00000000ec400000,0x00000000ec4770a0,0x00000000ec480000)
  to   space 2560K, 0% used [0x00000000ec600000,0x00000000ec600000,0x00000000ec880000)
 ParOldGen       total 68608K, used 7227K [0x00000000c0000000, 0x00000000c4300000, 0x00000000eab00000)
  object space 68608K, 10% used [0x00000000c0000000,0x00000000c070ee58,0x00000000c4300000)
 Metaspace       used 24287K, committed 24768K, reserved 1114112K
  class space    used 2381K, committed 2624K, reserved 1048576K
}

Dll operation events (9 events):
Event: 0.007 Loaded shared library c:\Users\Nijal\.vscode\extensions\redhat.java-1.28.1-win32-x64\jre\17.0.10-win32-x86_64\bin\java.dll
Event: 0.150 Loaded shared library c:\Users\Nijal\.vscode\extensions\redhat.java-1.28.1-win32-x64\jre\17.0.10-win32-x86_64\bin\zip.dll
Event: 0.152 Loaded shared library C:\Users\Nijal\.vscode\extensions\redhat.java-1.28.1-win32-x64\jre\17.0.10-win32-x86_64\bin\instrument.dll
Event: 0.164 Loaded shared library C:\Users\Nijal\.vscode\extensions\redhat.java-1.28.1-win32-x64\jre\17.0.10-win32-x86_64\bin\net.dll
Event: 0.166 Loaded shared library C:\Users\Nijal\.vscode\extensions\redhat.java-1.28.1-win32-x64\jre\17.0.10-win32-x86_64\bin\nio.dll
Event: 0.173 Loaded shared library C:\Users\Nijal\.vscode\extensions\redhat.java-1.28.1-win32-x64\jre\17.0.10-win32-x86_64\bin\zip.dll
Event: 0.187 Loaded shared library C:\Users\Nijal\.vscode\extensions\redhat.java-1.28.1-win32-x64\jre\17.0.10-win32-x86_64\bin\jimage.dll
Event: 0.252 Loaded shared library c:\Users\Nijal\.vscode\extensions\redhat.java-1.28.1-win32-x64\jre\17.0.10-win32-x86_64\bin\verify.dll
Event: 2.155 Loaded shared library C:\Users\Nijal\AppData\Roaming\Code\User\globalStorage\redhat.java\1.28.1\config_ss_win\org.eclipse.equinox.launcher\org.eclipse.equinox.launcher.win32.win32.x86_64_1.2.900.v20240129-1338\eclipse_11900.dll

Deoptimization events (20 events):
Event: 2.816 Thread 0x00000278302bc000 Uncommon trap: trap_request=0xffffffc6 fr.pc=0x00000278209749bc relative=0x0000000000000d7c
Event: 2.816 Thread 0x00000278302bc000 Uncommon trap: reason=bimorphic_or_optimized_type_check action=maybe_recompile pc=0x00000278209749bc method=java.io.DataInputStream.readInt()I @ 6 c2
Event: 2.816 Thread 0x00000278302bc000 DEOPT PACKING pc=0x00000278209749bc sp=0x000000efa78f8bd0
Event: 2.816 Thread 0x00000278302bc000 DEOPT UNPACKING pc=0x0000027820379ea3 sp=0x000000efa78f8b88 mode 2
Event: 2.816 Thread 0x00000278302bc000 Uncommon trap: trap_request=0xffffffc6 fr.pc=0x00000278209749bc relative=0x0000000000000d7c
Event: 2.816 Thread 0x00000278302bc000 Uncommon trap: reason=bimorphic_or_optimized_type_check action=maybe_recompile pc=0x00000278209749bc method=java.io.DataInputStream.readInt()I @ 6 c2
Event: 2.816 Thread 0x00000278302bc000 DEOPT PACKING pc=0x00000278209749bc sp=0x000000efa78f8bd0
Event: 2.816 Thread 0x00000278302bc000 DEOPT UNPACKING pc=0x0000027820379ea3 sp=0x000000efa78f8b88 mode 2
Event: 2.972 Thread 0x00000278302bc000 Uncommon trap: trap_request=0xffffff45 fr.pc=0x00000278208fb3dc relative=0x0000000000000e3c
Event: 2.972 Thread 0x00000278302bc000 Uncommon trap: reason=unstable_if action=reinterpret pc=0x00000278208fb3dc method=lombok.patcher.PatchScript.classMatches(Ljava/lang/String;Ljava/util/Collection;)Z @ 25 c2
Event: 2.972 Thread 0x00000278302bc000 DEOPT PACKING pc=0x00000278208fb3dc sp=0x000000efa78f71a0
Event: 2.972 Thread 0x00000278302bc000 DEOPT UNPACKING pc=0x0000027820379ea3 sp=0x000000efa78f7160 mode 2
Event: 3.099 Thread 0x00000278302bc000 Uncommon trap: trap_request=0xffffff45 fr.pc=0x0000027820982130 relative=0x0000000000001010
Event: 3.099 Thread 0x00000278302bc000 Uncommon trap: reason=unstable_if action=reinterpret pc=0x0000027820982130 method=java.util.Properties.loadConvert([CIILjava/lang/StringBuilder;)Ljava/lang/String; @ 491 c2
Event: 3.099 Thread 0x00000278302bc000 DEOPT PACKING pc=0x0000027820982130 sp=0x000000efa78f7ec0
Event: 3.099 Thread 0x00000278302bc000 DEOPT UNPACKING pc=0x0000027820379ea3 sp=0x000000efa78f7ea0 mode 2
Event: 3.837 Thread 0x00000278302bc000 Uncommon trap: trap_request=0xffffff45 fr.pc=0x000002782099f87c relative=0x00000000000002dc
Event: 3.837 Thread 0x00000278302bc000 Uncommon trap: reason=unstable_if action=reinterpret pc=0x000002782099f87c method=org.lombokweb.asm.Label.resolve([BI)Z @ 80 c2
Event: 3.837 Thread 0x00000278302bc000 DEOPT PACKING pc=0x000002782099f87c sp=0x000000efa78ef0b0
Event: 3.837 Thread 0x00000278302bc000 DEOPT UNPACKING pc=0x0000027820379ea3 sp=0x000000efa78eefb0 mode 2

Classes unloaded (7 events):
Event: 3.381 Thread 0x000002781620e8e0 Unloading class 0x000000010021a400 'java/lang/invoke/LambdaForm$MH+0x000000010021a400'
Event: 3.381 Thread 0x000002781620e8e0 Unloading class 0x000000010021a000 'java/lang/invoke/LambdaForm$MH+0x000000010021a000'
Event: 3.381 Thread 0x000002781620e8e0 Unloading class 0x0000000100219c00 'java/lang/invoke/LambdaForm$MH+0x0000000100219c00'
Event: 3.381 Thread 0x000002781620e8e0 Unloading class 0x0000000100219800 'java/lang/invoke/LambdaForm$MH+0x0000000100219800'
Event: 3.381 Thread 0x000002781620e8e0 Unloading class 0x0000000100219400 'java/lang/invoke/LambdaForm$BMH+0x0000000100219400'
Event: 3.381 Thread 0x000002781620e8e0 Unloading class 0x0000000100219000 'java/lang/invoke/LambdaForm$DMH+0x0000000100219000'
Event: 3.381 Thread 0x000002781620e8e0 Unloading class 0x0000000100214400 'java/lang/invoke/LambdaForm$DMH+0x0000000100214400'

Classes redefined (0 events):
No events

Internal exceptions (20 events):
Event: 3.009 Thread 0x00000278302bc000 Exception <a 'java/lang/NoSuchMethodError'{0x00000000ebf6a910}: 'java.lang.Object java.lang.invoke.DelegatingMethodHandle$Holder.reinvoke_L(java.lang.Object, java.lang.Object, java.lang.Object, java.lang.Object, int, int)'> (0x00000000ebf6a910) 
thrown [s\src\hotspot\share\interpreter\linkResolver.cpp, line 759]
Event: 3.012 Thread 0x00000278302bc000 Exception <a 'java/lang/NoSuchMethodError'{0x00000000ebf7f528}: 'java.lang.Object java.lang.invoke.Invokers$Holder.invokeExact_MT(java.lang.Object, java.lang.Object, java.lang.Object, java.lang.Object)'> (0x00000000ebf7f528) 
thrown [s\src\hotspot\share\interpreter\linkResolver.cpp, line 759]
Event: 3.120 Thread 0x00000278302bc000 Exception <a 'java/io/FileNotFoundException'{0x00000000ec203d88}> (0x00000000ec203d88) 
thrown [s\src\hotspot\share\prims\jni.cpp, line 516]
Event: 3.121 Thread 0x00000278302bc000 Exception <a 'java/io/FileNotFoundException'{0x00000000ec20af30}> (0x00000000ec20af30) 
thrown [s\src\hotspot\share\prims\jni.cpp, line 516]
Event: 3.198 Thread 0x00000278302bc000 Exception <a 'java/lang/NoSuchMethodError'{0x00000000ec3f33b0}: 'java.lang.Object java.lang.invoke.DirectMethodHandle$Holder.newInvokeSpecial(java.lang.Object, java.lang.Object, java.lang.Object, java.lang.Object, java.lang.Object)'> (0x00000000ec3f33b0) 
thrown [s\src\hotspot\share\interpreter\linkResolver.cpp, line 759]
Event: 3.250 Thread 0x00000278302bc000 Exception <a 'java/lang/NoSuchMethodError'{0x00000000eabe8650}: 'java.lang.Object java.lang.invoke.DirectMethodHandle$Holder.invokeSpecial(java.lang.Object, java.lang.Object, java.lang.Object, long, java.lang.Object)'> (0x00000000eabe8650) 
thrown [s\src\hotspot\share\interpreter\linkResolver.cpp, line 759]
Event: 3.252 Thread 0x00000278302bc000 Exception <a 'java/lang/NoSuchMethodError'{0x00000000eabf0808}: 'java.lang.Object java.lang.invoke.DirectMethodHandle$Holder.newInvokeSpecial(java.lang.Object, java.lang.Object, java.lang.Object, long)'> (0x00000000eabf0808) 
thrown [s\src\hotspot\share\interpreter\linkResolver.cpp, line 759]
Event: 3.252 Thread 0x00000278302bc000 Exception <a 'java/lang/NoSuchMethodError'{0x00000000eac3f230}: 'java.lang.Object java.lang.invoke.DirectMethodHandle$Holder.invokeSpecial(java.lang.Object, java.lang.Object, java.lang.Object, java.lang.Object, long)'> (0x00000000eac3f230) 
thrown [s\src\hotspot\share\interpreter\linkResolver.cpp, line 759]
Event: 3.253 Thread 0x00000278302bc000 Exception <a 'java/lang/NoSuchMethodError'{0x00000000eac430a8}: 'java.lang.Object java.lang.invoke.Invokers$Holder.linkToTargetMethod(java.lang.Object, java.lang.Object, long, java.lang.Object)'> (0x00000000eac430a8) 
thrown [s\src\hotspot\share\interpreter\linkResolver.cpp, line 759]
Event: 3.272 Thread 0x00000278302bc000 Exception <a 'java/lang/NoSuchMethodError'{0x00000000eacab710}: 'int java.lang.invoke.DirectMethodHandle$Holder.invokeStaticInit(java.lang.Object, java.lang.Object, java.lang.Object)'> (0x00000000eacab710) 
thrown [s\src\hotspot\share\interpreter\linkResolver.cpp, line 759]
Event: 3.291 Thread 0x00000278302bc000 Exception <a 'java/lang/IncompatibleClassChangeError'{0x00000000ead4afe8}: Found class java.lang.Object, but interface was expected> (0x00000000ead4afe8) 
thrown [s\src\hotspot\share\interpreter\linkResolver.cpp, line 826]
Event: 3.292 Thread 0x00000278302bc000 Exception <a 'java/lang/NoSuchMethodError'{0x00000000ead4ee08}: 'java.lang.Object java.lang.invoke.DirectMethodHandle$Holder.invokeSpecial(java.lang.Object, java.lang.Object, java.lang.Object, int, java.lang.Object, java.lang.Object)'> (0x00000000ead4ee08) 
thrown [s\src\hotspot\share\interpreter\linkResolver.cpp, line 759]
Event: 3.293 Thread 0x00000278302bc000 Exception <a 'java/lang/NoSuchMethodError'{0x00000000ead57590}: 'java.lang.Object java.lang.invoke.DirectMethodHandle$Holder.newInvokeSpecial(java.lang.Object, java.lang.Object, java.lang.Object, int, java.lang.Object)'> (0x00000000ead57590) 
thrown [s\src\hotspot\share\interpreter\linkResolver.cpp, line 759]
Event: 3.294 Thread 0x00000278302bc000 Exception <a 'java/lang/NoSuchMethodError'{0x00000000ead5b9e8}: 'java.lang.Object java.lang.invoke.DirectMethodHandle$Holder.invokeSpecial(java.lang.Object, java.lang.Object, java.lang.Object, java.lang.Object, int, java.lang.Object)'> (0x00000000ead5b9e8) 
thrown [s\src\hotspot\share\interpreter\linkResolver.cpp, line 759]
Event: 3.297 Thread 0x00000278302bcf30 Exception <a 'java/lang/NoSuchMethodError'{0x00000000eaccf1f8}: 'java.lang.Object java.lang.invoke.DirectMethodHandle$Holder.invokeSpecial(java.lang.Object, java.lang.Object, int, java.lang.Object, java.lang.Object)'> (0x00000000eaccf1f8) 
thrown [s\src\hotspot\share\interpreter\linkResolver.cpp, line 759]
Event: 3.299 Thread 0x00000278302bcf30 Exception <a 'java/lang/NoSuchMethodError'{0x00000000eacd68c8}: 'java.lang.Object java.lang.invoke.DirectMethodHandle$Holder.newInvokeSpecial(java.lang.Object, java.lang.Object, int, java.lang.Object)'> (0x00000000eacd68c8) 
thrown [s\src\hotspot\share\interpreter\linkResolver.cpp, line 759]
Event: 3.300 Thread 0x00000278302bcf30 Exception <a 'java/lang/NoSuchMethodError'{0x00000000eacda3d8}: 'java.lang.Object java.lang.invoke.DirectMethodHandle$Holder.invokeSpecial(java.lang.Object, java.lang.Object, java.lang.Object, int, java.lang.Object)'> (0x00000000eacda3d8) 
thrown [s\src\hotspot\share\interpreter\linkResolver.cpp, line 759]
Event: 3.540 Thread 0x00000278302bc000 Exception <a 'java/io/FileNotFoundException'{0x00000000eb9dafc8}> (0x00000000eb9dafc8) 
thrown [s\src\hotspot\share\prims\jni.cpp, line 516]
Event: 3.541 Thread 0x00000278302bc000 Exception <a 'java/io/FileNotFoundException'{0x00000000eb9dbde0}> (0x00000000eb9dbde0) 
thrown [s\src\hotspot\share\prims\jni.cpp, line 516]
Event: 3.541 Thread 0x00000278302bc000 Exception <a 'java/io/FileNotFoundException'{0x00000000eb9dcc00}> (0x00000000eb9dcc00) 
thrown [s\src\hotspot\share\prims\jni.cpp, line 516]

VM Operations (20 events):
Event: 1.776 Executing VM operation: HandshakeAllThreads
Event: 1.776 Executing VM operation: HandshakeAllThreads done
Event: 2.351 Executing VM operation: HandshakeAllThreads
Event: 2.351 Executing VM operation: HandshakeAllThreads done
Event: 2.351 Executing VM operation: Cleanup
Event: 2.351 Executing VM operation: Cleanup done
Event: 2.398 Executing VM operation: ParallelGCFailedAllocation
Event: 2.404 Executing VM operation: ParallelGCFailedAllocation done
Event: 2.817 Executing VM operation: HandshakeAllThreads
Event: 2.817 Executing VM operation: HandshakeAllThreads done
Event: 2.995 Executing VM operation: HandshakeAllThreads
Event: 2.996 Executing VM operation: HandshakeAllThreads done
Event: 3.202 Executing VM operation: ParallelGCFailedAllocation
Event: 3.209 Executing VM operation: ParallelGCFailedAllocation done
Event: 3.319 Executing VM operation: HandshakeAllThreads
Event: 3.319 Executing VM operation: HandshakeAllThreads done
Event: 3.373 Executing VM operation: CollectForMetadataAllocation
Event: 3.407 Executing VM operation: CollectForMetadataAllocation done
Event: 3.763 Executing VM operation: ParallelGCFailedAllocation
Event: 3.766 Executing VM operation: ParallelGCFailedAllocation done

Events (20 events):
Event: 3.435 loading class java/util/zip/GZIPInputStream
Event: 3.435 loading class java/util/zip/GZIPInputStream done
Event: 3.439 loading class java/net/SocketTimeoutException
Event: 3.439 loading class java/io/InterruptedIOException
Event: 3.439 loading class java/io/InterruptedIOException done
Event: 3.439 loading class java/net/SocketTimeoutException done
Event: 3.439 loading class java/net/SocketException
Event: 3.439 loading class java/net/SocketException done
Event: 3.439 loading class java/net/UnknownHostException
Event: 3.439 loading class java/net/UnknownHostException done
Event: 3.439 loading class java/net/ProtocolException
Event: 3.439 loading class java/net/ProtocolException done
Event: 3.460 loading class java/lang/ThreadLocal$SuppliedThreadLocal
Event: 3.460 loading class java/lang/ThreadLocal$SuppliedThreadLocal done
Event: 3.465 loading class java/io/FileWriter
Event: 3.465 loading class java/io/FileWriter done
Event: 3.507 Thread 0x000002782f2b8c20 Thread added: 0x000002782f2b8c20
Event: 3.537 loading class java/lang/NegativeArraySizeException
Event: 3.537 loading class java/lang/NegativeArraySizeException done
Event: 3.638 Thread 0x000002782f2b8c20 Thread exited: 0x000002782f2b8c20


Dynamic libraries:
0x00007ff71da50000 - 0x00007ff71da5e000 	c:\Users\Nijal\.vscode\extensions\redhat.java-1.28.1-win32-x64\jre\17.0.10-win32-x86_64\bin\java.exe
0x00007ff9dc550000 - 0x00007ff9dc748000 	C:\Windows\SYSTEM32\ntdll.dll
0x00007ff9dbad0000 - 0x00007ff9dbb8d000 	C:\Windows\System32\KERNEL32.DLL
0x00007ff9d9cb0000 - 0x00007ff9d9fa6000 	C:\Windows\System32\KERNELBASE.dll
0x00007ff9da300000 - 0x00007ff9da400000 	C:\Windows\System32\ucrtbase.dll
0x00007ff9aa5d0000 - 0x00007ff9aa5e7000 	c:\Users\Nijal\.vscode\extensions\redhat.java-1.28.1-win32-x64\jre\17.0.10-win32-x86_64\bin\jli.dll
0x00007ff9aa680000 - 0x00007ff9aa69b000 	c:\Users\Nijal\.vscode\extensions\redhat.java-1.28.1-win32-x64\jre\17.0.10-win32-x86_64\bin\VCRUNTIME140.dll
0x00007ff9da960000 - 0x00007ff9daafe000 	C:\Windows\System32\USER32.dll
0x00007ff9da560000 - 0x00007ff9da582000 	C:\Windows\System32\win32u.dll
0x00007ff9daf60000 - 0x00007ff9daf8b000 	C:\Windows\System32\GDI32.dll
0x00007ff9c2250000 - 0x00007ff9c24ea000 	C:\Windows\WinSxS\amd64_microsoft.windows.common-controls_6595b64144ccf1df_6.0.19041.3636_none_60b6a03d71f818d5\COMCTL32.dll
0x00007ff9da0a0000 - 0x00007ff9da1b7000 	C:\Windows\System32\gdi32full.dll
0x00007ff9dab00000 - 0x00007ff9dab9e000 	C:\Windows\System32\msvcrt.dll
0x00007ff9da000000 - 0x00007ff9da09d000 	C:\Windows\System32\msvcp_win.dll
0x00007ff9dbd20000 - 0x00007ff9dbd52000 	C:\Windows\System32\IMM32.DLL
0x00007ff9d2130000 - 0x00007ff9d213c000 	c:\Users\Nijal\.vscode\extensions\redhat.java-1.28.1-win32-x64\jre\17.0.10-win32-x86_64\bin\vcruntime140_1.dll
0x00007ff9922b0000 - 0x00007ff99233d000 	c:\Users\Nijal\.vscode\extensions\redhat.java-1.28.1-win32-x64\jre\17.0.10-win32-x86_64\bin\msvcp140.dll
0x00007ff9687c0000 - 0x00007ff969422000 	c:\Users\Nijal\.vscode\extensions\redhat.java-1.28.1-win32-x64\jre\17.0.10-win32-x86_64\bin\server\jvm.dll
0x00007ff9db9a0000 - 0x00007ff9dba53000 	C:\Windows\System32\ADVAPI32.dll
0x00007ff9db000000 - 0x00007ff9db09f000 	C:\Windows\System32\sechost.dll
0x00007ff9da7d0000 - 0x00007ff9da8f6000 	C:\Windows\System32\RPCRT4.dll
0x00007ff9d9c80000 - 0x00007ff9d9ca7000 	C:\Windows\System32\bcrypt.dll
0x00007ff9d9160000 - 0x00007ff9d91ab000 	C:\Windows\SYSTEM32\POWRPROF.dll
0x00007ff9a8fb0000 - 0x00007ff9a8fb9000 	C:\Windows\SYSTEM32\WSOCK32.dll
0x00007ff9dba60000 - 0x00007ff9dbacb000 	C:\Windows\System32\WS2_32.dll
0x00007ff9d22e0000 - 0x00007ff9d22ea000 	C:\Windows\SYSTEM32\VERSION.dll
0x00007ff9cefb0000 - 0x00007ff9cefd7000 	C:\Windows\SYSTEM32\WINMM.dll
0x00007ff9d9020000 - 0x00007ff9d9032000 	C:\Windows\SYSTEM32\UMPDC.dll
0x00007ff9d8410000 - 0x00007ff9d8422000 	C:\Windows\SYSTEM32\kernel.appcore.dll
0x00007ff9bd0c0000 - 0x00007ff9bd0ca000 	c:\Users\Nijal\.vscode\extensions\redhat.java-1.28.1-win32-x64\jre\17.0.10-win32-x86_64\bin\jimage.dll
0x00007ff9d7960000 - 0x00007ff9d7b44000 	C:\Windows\SYSTEM32\DBGHELP.DLL
0x00007ff9c2dc0000 - 0x00007ff9c2df4000 	C:\Windows\SYSTEM32\dbgcore.DLL
0x00007ff9da1c0000 - 0x00007ff9da242000 	C:\Windows\System32\bcryptPrimitives.dll
0x00007ff9bd080000 - 0x00007ff9bd08e000 	c:\Users\Nijal\.vscode\extensions\redhat.java-1.28.1-win32-x64\jre\17.0.10-win32-x86_64\bin\instrument.dll
0x00007ff993690000 - 0x00007ff9936b5000 	c:\Users\Nijal\.vscode\extensions\redhat.java-1.28.1-win32-x64\jre\17.0.10-win32-x86_64\bin\java.dll
0x00007ff9aa4a0000 - 0x00007ff9aa4b8000 	c:\Users\Nijal\.vscode\extensions\redhat.java-1.28.1-win32-x64\jre\17.0.10-win32-x86_64\bin\zip.dll
0x00007ff9dbdc0000 - 0x00007ff9dc505000 	C:\Windows\System32\SHELL32.dll
0x00007ff9d7b50000 - 0x00007ff9d82ec000 	C:\Windows\SYSTEM32\windows.storage.dll
0x00007ff9db1d0000 - 0x00007ff9db524000 	C:\Windows\System32\combase.dll
0x00007ff9d9640000 - 0x00007ff9d966e000 	C:\Windows\SYSTEM32\Wldp.dll
0x00007ff9dac00000 - 0x00007ff9daccd000 	C:\Windows\System32\OLEAUT32.dll
0x00007ff9dbc70000 - 0x00007ff9dbd1d000 	C:\Windows\System32\SHCORE.dll
0x00007ff9dbd60000 - 0x00007ff9dbdb5000 	C:\Windows\System32\shlwapi.dll
0x00007ff9d9b40000 - 0x00007ff9d9b65000 	C:\Windows\SYSTEM32\profapi.dll
0x00007ff9aa3a0000 - 0x00007ff9aa3b9000 	C:\Users\Nijal\.vscode\extensions\redhat.java-1.28.1-win32-x64\jre\17.0.10-win32-x86_64\bin\net.dll
0x00007ff9d4870000 - 0x00007ff9d497a000 	C:\Windows\SYSTEM32\WINHTTP.dll
0x00007ff9d93a0000 - 0x00007ff9d940a000 	C:\Windows\system32\mswsock.dll
0x00007ff9a3de0000 - 0x00007ff9a3df6000 	C:\Users\Nijal\.vscode\extensions\redhat.java-1.28.1-win32-x64\jre\17.0.10-win32-x86_64\bin\nio.dll
0x00007ff9b7d90000 - 0x00007ff9b7da0000 	c:\Users\Nijal\.vscode\extensions\redhat.java-1.28.1-win32-x64\jre\17.0.10-win32-x86_64\bin\verify.dll
0x00007ff993910000 - 0x00007ff99394e000 	C:\Users\Nijal\AppData\Roaming\Code\User\globalStorage\redhat.java\1.28.1\config_ss_win\org.eclipse.equinox.launcher\org.eclipse.equinox.launcher.win32.win32.x86_64_1.2.900.v20240129-1338\eclipse_11900.dll
0x00007ff9db0a0000 - 0x00007ff9db1cb000 	C:\Windows\System32\ole32.dll

dbghelp: loaded successfully - version: 4.0.5 - missing functions: none
symbol engine: initialized successfully - sym options: 0x614 - pdb path: .;c:\Users\Nijal\.vscode\extensions\redhat.java-1.28.1-win32-x64\jre\17.0.10-win32-x86_64\bin;C:\Windows\SYSTEM32;C:\Windows\WinSxS\amd64_microsoft.windows.common-controls_6595b64144ccf1df_6.0.19041.3636_none_60b6a03d71f818d5;c:\Users\Nijal\.vscode\extensions\redhat.java-1.28.1-win32-x64\jre\17.0.10-win32-x86_64\bin\server;C:\Users\Nijal\AppData\Roaming\Code\User\globalStorage\redhat.java\1.28.1\config_ss_win\org.eclipse.equinox.launcher\org.eclipse.equinox.launcher.win32.win32.x86_64_1.2.900.v20240129-1338

VM Arguments:
jvm_args: --add-modules=ALL-SYSTEM --add-opens=java.base/java.util=ALL-UNNAMED --add-opens=java.base/java.lang=ALL-UNNAMED --add-opens=java.base/sun.nio.fs=ALL-UNNAMED -Declipse.application=org.eclipse.jdt.ls.core.id1 -Dosgi.bundles.defaultStartLevel=4 -Declipse.product=org.eclipse.jdt.ls.core.product -Djava.import.generatesMetadataFilesAtProjectRoot=false -DDetectVMInstallationsJob.disabled=true -Dfile.encoding=utf8 -XX:+UseParallelGC -XX:GCTimeRatio=4 -XX:AdaptiveSizePolicyWeight=90 -Dsun.zip.disableMemoryMapping=true -Xmx1G -Xms100m -Xlog:disable -javaagent:c:\Users\Nijal\.vscode\extensions\redhat.java-1.28.1-win32-x64\lombok\lombok-1.18.31.jar 
java_command: c:\Users\Nijal\.vscode\extensions\redhat.java-1.28.1-win32-x64\server\plugins\org.eclipse.equinox.launcher_1.6.700.v20231214-2017.jar -configuration c:\Users\Nijal\AppData\Roaming\Code\User\globalStorage\redhat.java\1.28.1\config_ss_win -data c:\Users\Nijal\AppData\Roaming\Code\User\workspaceStorage\b9a67ca91ce6951b9b4f41b2c744f4a0\redhat.java\ss_ws --stdio
java_class_path (initial): c:\Users\Nijal\.vscode\extensions\redhat.java-1.28.1-win32-x64\server\plugins\org.eclipse.equinox.launcher_1.6.700.v20231214-2017.jar
Launcher Type: SUN_STANDARD

[Global flags]
    uintx AdaptiveSizePolicyWeight                 = 90                                        {product} {command line}
     intx CICompilerCount                          = 4                                         {product} {ergonomic}
    uintx GCTimeRatio                              = 4                                         {product} {command line}
   size_t InitialHeapSize                          = 104857600                                 {product} {command line}
   size_t MaxHeapSize                              = 1073741824                                {product} {command line}
   size_t MaxNewSize                               = 357564416                                 {product} {ergonomic}
   size_t MinHeapDeltaBytes                        = 524288                                    {product} {ergonomic}
   size_t MinHeapSize                              = 104857600                                 {product} {command line}
   size_t NewSize                                  = 34603008                                  {product} {ergonomic}
    uintx NonNMethodCodeHeapSize                   = 5839372                                {pd product} {ergonomic}
    uintx NonProfiledCodeHeapSize                  = 122909434                              {pd product} {ergonomic}
   size_t OldSize                                  = 70254592                                  {product} {ergonomic}
    uintx ProfiledCodeHeapSize                     = 122909434                              {pd product} {ergonomic}
    uintx ReservedCodeCacheSize                    = 251658240                              {pd product} {ergonomic}
     bool SegmentedCodeCache                       = true                                      {product} {ergonomic}
   size_t SoftMaxHeapSize                          = 1073741824                             {manageable} {ergonomic}
     bool UseCompressedClassPointers               = true                           {product lp64_product} {ergonomic}
     bool UseCompressedOops                        = true                           {product lp64_product} {ergonomic}
     bool UseLargePagesIndividualAllocation        = false                                  {pd product} {ergonomic}
     bool UseParallelGC                            = true                                      {product} {command line}

Logging:
Log output configuration:
 #0: stdout all=off uptime,level,tags
 #1: stderr all=off uptime,level,tags

Environment Variables:
PATH=C:\Python312\Scripts\;C:\Python312\;C:\Program Files\Common Files\Oracle\Java\javapath;C:\Windows\system32;C:\Windows;C:\Windows\System32\Wbem;C:\Windows\System32\WindowsPowerShell\v1.0\;C:\Windows\System32\OpenSSH\;C:\Program Files\dotnet\;C:\MinGW\bin;D:\Git\cmd;C:\Program Files\Docker\Docker\resources\bin;C:\flutter\bin;C:\Program Files\MySQL\MySQL Server 8.0\bin;;C:\Program Files\Cloudflare\Cloudflare WARP\;C:\Program Files\nodejs\;C:\ProgramData\chocolatey\bin;C:\Program Files\MySQL\MySQL Shell 8.0\bin\;C:\Users\Nijal\anaconda3;C:\Users\Nijal\anaconda3\Library\mingw-w64\bin;C:\Users\Nijal\anaconda3\Library\usr\bin;C:\Users\Nijal\anaconda3\Library\bin;C:\Users\Nijal\anaconda3\Scripts;C:\Users\Nijal\AppData\Local\Programs\Python\Python311\Scripts\;C:\Users\Nijal\AppData\Local\Programs\Python\Python311\;C:\Users\Nijal\AppData\Local\Microsoft\WindowsApps;C:\MinGW\bin;C:\Program Files\CodeBlocks\MinGW\bin;C:\MinGW\bin;C:\Users\Nijal\AppData\Local\Programs\Microsoft VS Code\bin;C:\MinGW\bin;D:\IntelliJ IDEA Community Edition 2022.1.3\bin;;C:\Program Files\JetBrains\WebStorm 2022.3.2\bin;;C:\Program Files\JetBrains\IntelliJ IDEA 2023.1.3\bin;;C:\flutter\bin;C:\dev\flutter\bin;C:\Users\Nijal\AppData\Roaming\npm
USERNAME=Nijal
OS=Windows_NT
PROCESSOR_IDENTIFIER=Intel64 Family 6 Model 140 Stepping 1, GenuineIntel
TMP=C:\Users\Nijal\AppData\Local\Temp
TEMP=C:\Users\Nijal\AppData\Local\Temp



Periodic native trim disabled


---------------  S Y S T E M  ---------------

OS:
 Windows 10 , 64 bit Build 19041 (10.0.19041.3636)
OS uptime: 0 days 11:46 hours
Hyper-V role detected

CPU: total 8 (initial active 8) (4 cores per cpu, 2 threads per core) family 6 model 140 stepping 1 microcode 0xb4, cx8, cmov, fxsr, ht, mmx, 3dnowpref, sse, sse2, sse3, ssse3, sse4.1, sse4.2, popcnt, lzcnt, tsc, tscinvbit, avx, avx2, aes, erms, clmul, bmi1, bmi2, adx, avx512f, avx512dq, avx512cd, avx512bw, avx512vl, sha, fma, vzeroupper, avx512_vpopcntdq, avx512_vpclmulqdq, avx512_vaes, avx512_vnni, clflush, clflushopt, clwb, avx512_vbmi2, avx512_vbmi, hv
Processor Information for processor 0
  Max Mhz: 2419, Current Mhz: 2419, Mhz Limit: 2419
Processor Information for processor 1
  Max Mhz: 2419, Current Mhz: 2419, Mhz Limit: 2419
Processor Information for processor 2
  Max Mhz: 2419, Current Mhz: 2419, Mhz Limit: 2419
Processor Information for processor 3
  Max Mhz: 2419, Current Mhz: 907, Mhz Limit: 2419
Processor Information for processor 4
  Max Mhz: 2419, Current Mhz: 2419, Mhz Limit: 2419
Processor Information for processor 5
  Max Mhz: 2419, Current Mhz: 2419, Mhz Limit: 2419
Processor Information for processor 6
  Max Mhz: 2419, Current Mhz: 2419, Mhz Limit: 2419
Processor Information for processor 7
  Max Mhz: 2419, Current Mhz: 907, Mhz Limit: 2419

Memory: 4k page, system-wide physical 7926M (527M free)
TotalPageFile size 16118M (AvailPageFile size 2M)
current process WorkingSet (physical memory assigned to process): 120M, peak: 121M
current process commit charge ("private bytes"): 229M, peak: 229M

vm_info: OpenJDK 64-Bit Server VM (17.0.10+7) for windows-amd64 JRE (17.0.10+7), built on Jan 16 2024 23:25:11 by "admin" with MS VC++ 16.10 / 16.11 (VS2019)

END.
