#
# There is insufficient memory for the Java Runtime Environment to continue.
# Native memory allocation (malloc) failed to allocate 269776 bytes for Chunk::new
# Possible reasons:
#   The system is out of physical RAM or swap space
#   The process is running with CompressedOops enabled, and the Java Heap may be blocking the growth of the native heap
# Possible solutions:
#   Reduce memory load on the system
#   Increase physical memory or swap space
#   Check if swap backing store is full
#   Decrease Java heap size (-Xmx/-Xms)
#   Decrease number of Java threads
#   Decrease Java thread stack sizes (-Xss)
#   Set larger code cache with -XX:ReservedCodeCacheSize=
#   JVM is running with Unscaled Compressed Oops mode in which the Java heap is
#     placed in the first 4GB address space. The Java Heap base address is the
#     maximum limit for the native heap growth. Please use -XX:HeapBaseMinAddress
#     to set the Java Heap base and to place the Java Heap above 4GB virtual address.
# This output file may be truncated or incomplete.
#
#  Out of Memory Error (arena.cpp:191), pid=14156, tid=20596
#
# JRE version: OpenJDK Runtime Environment Temurin-17.0.10+7 (17.0.10+7) (build 17.0.10+7)
# Java VM: OpenJDK 64-Bit Server VM Temurin-17.0.10+7 (17.0.10+7, mixed mode, tiered, compressed oops, compressed class ptrs, parallel gc, windows-amd64)
# No core dump will be written. Minidumps are not enabled by default on client versions of Windows
#

---------------  S U M M A R Y ------------

Command Line: --add-modules=ALL-SYSTEM --add-opens=java.base/java.util=ALL-UNNAMED --add-opens=java.base/java.lang=ALL-UNNAMED --add-opens=java.base/sun.nio.fs=ALL-UNNAMED -Declipse.application=org.eclipse.jdt.ls.core.id1 -Dosgi.bundles.defaultStartLevel=4 -Declipse.product=org.eclipse.jdt.ls.core.product -Djava.import.generatesMetadataFilesAtProjectRoot=false -DDetectVMInstallationsJob.disabled=true -Dfile.encoding=utf8 -XX:+UseParallelGC -XX:GCTimeRatio=4 -XX:AdaptiveSizePolicyWeight=90 -Dsun.zip.disableMemoryMapping=true -Xmx1G -Xms100m -Xlog:disable -javaagent:c:\Users\Nijal\.vscode\extensions\redhat.java-1.28.1-win32-x64\lombok\lombok-1.18.31.jar -XX:+HeapDumpOnOutOfMemoryError -XX:HeapDumpPath=c:\Users\Nijal\AppData\Roaming\Code\User\workspaceStorage\b9a67ca91ce6951b9b4f41b2c744f4a0\redhat.java -Daether.dependencyCollector.impl=bf c:\Users\Nijal\.vscode\extensions\redhat.java-1.28.1-win32-x64\server\plugins\org.eclipse.equinox.launcher_1.6.700.v20231214-2017.jar -configuration c:\Users\Nijal\AppData\Roaming\Code\User\globalStorage\redhat.java\1.28.1\config_win -data c:\Users\Nijal\AppData\Roaming\Code\User\workspaceStorage\b9a67ca91ce6951b9b4f41b2c744f4a0\redhat.java\jdt_ws --stdio

Host: 11th Gen Intel(R) Core(TM) i5-1135G7 @ 2.40GHz, 8 cores, 7G,  Windows 10 , 64 bit Build 19041 (10.0.19041.3636)
Time: Mon Mar 11 01:24:11 2024 India Standard Time elapsed time: 3.298116 seconds (0d 0h 0m 3s)

---------------  T H R E A D  ---------------

Current thread (0x0000024d6dc54e40):  JavaThread "C2 CompilerThread1" daemon [_thread_in_native, id=20596, stack(0x000000fd18000000,0x000000fd18100000)]


Current CompileTask:
C2:   3298 2041       4       org.eclipse.osgi.framework.util.CaseInsensitiveDictionaryMap::findCommonKeyIndex (930 bytes)

Stack: [0x000000fd18000000,0x000000fd18100000]
Native frames: (J=compiled Java code, j=interpreted, Vv=VM code, C=native code)
V  [jvm.dll+0x67d2c9]
V  [jvm.dll+0x834afa]
V  [jvm.dll+0x8365be]
V  [jvm.dll+0x836c23]
V  [jvm.dll+0x2477ff]
V  [jvm.dll+0xac514]
V  [jvm.dll+0xacb5c]
V  [jvm.dll+0x2aed1f]
V  [jvm.dll+0x584b67]
V  [jvm.dll+0x2228a2]
V  [jvm.dll+0x21b942]
V  [jvm.dll+0x219201]
V  [jvm.dll+0x1a502d]
V  [jvm.dll+0x2290de]
V  [jvm.dll+0x2272ac]
V  [jvm.dll+0x7e9bb7]
V  [jvm.dll+0x7e3fba]
V  [jvm.dll+0x67c1b5]
C  [ucrtbase.dll+0x21bb2]
C  [KERNEL32.DLL+0x17344]
C  [ntdll.dll+0x526b1]


---------------  P R O C E S S  ---------------

Threads class SMR info:
_java_thread_list=0x0000024d6f99d540, length=20, elements={
0x0000024d54ac7600, 0x0000024d54b79180, 0x0000024d6895b7f0, 0x0000024d54b7a0f0,
0x0000024d54b7abc0, 0x0000024d54b7df30, 0x0000024d6dc447e0, 0x0000024d6dc4e3e0,
0x0000024d6dc558e0, 0x0000024d6dc58ad0, 0x0000024d6dd8f230, 0x0000024d6deb6020,
0x0000024d6dc54e40, 0x0000024d6dc55e30, 0x0000024d6f3b2540, 0x0000024d6f246310,
0x0000024d6f3d8660, 0x0000024d6f3664f0, 0x0000024d6f8c15d0, 0x0000024d6f8c1ff0
}

Java Threads: ( => current thread )
  0x0000024d54ac7600 JavaThread "main" [_thread_blocked, id=20564, stack(0x000000fd17100000,0x000000fd17200000)]
  0x0000024d54b79180 JavaThread "Reference Handler" daemon [_thread_blocked, id=19316, stack(0x000000fd17400000,0x000000fd17500000)]
  0x0000024d6895b7f0 JavaThread "Finalizer" daemon [_thread_blocked, id=13076, stack(0x000000fd17500000,0x000000fd17600000)]
  0x0000024d54b7a0f0 JavaThread "Signal Dispatcher" daemon [_thread_blocked, id=6408, stack(0x000000fd17600000,0x000000fd17700000)]
  0x0000024d54b7abc0 JavaThread "Attach Listener" daemon [_thread_blocked, id=728, stack(0x000000fd17700000,0x000000fd17800000)]
  0x0000024d54b7df30 JavaThread "Service Thread" daemon [_thread_blocked, id=21356, stack(0x000000fd17800000,0x000000fd17900000)]
  0x0000024d6dc447e0 JavaThread "Monitor Deflation Thread" daemon [_thread_blocked, id=5688, stack(0x000000fd17900000,0x000000fd17a00000)]
  0x0000024d6dc4e3e0 JavaThread "C2 CompilerThread0" daemon [_thread_blocked, id=19156, stack(0x000000fd17a00000,0x000000fd17b00000)]
  0x0000024d6dc558e0 JavaThread "C1 CompilerThread0" daemon [_thread_blocked, id=11312, stack(0x000000fd17b00000,0x000000fd17c00000)]
  0x0000024d6dc58ad0 JavaThread "Sweeper thread" daemon [_thread_blocked, id=10132, stack(0x000000fd17c00000,0x000000fd17d00000)]
  0x0000024d6dd8f230 JavaThread "Common-Cleaner" daemon [_thread_blocked, id=18600, stack(0x000000fd17d00000,0x000000fd17e00000)]
  0x0000024d6deb6020 JavaThread "Notification Thread" daemon [_thread_blocked, id=12188, stack(0x000000fd17e00000,0x000000fd17f00000)]
=>0x0000024d6dc54e40 JavaThread "C2 CompilerThread1" daemon [_thread_in_native, id=20596, stack(0x000000fd18000000,0x000000fd18100000)]
  0x0000024d6dc55e30 JavaThread "C2 CompilerThread2" daemon [_thread_in_native, id=4796, stack(0x000000fd18100000,0x000000fd18200000)]
  0x0000024d6f3b2540 JavaThread "Active Thread: Equinox Container: 74fc371e-f056-4c13-8b95-85b9944c1d58" [_thread_blocked, id=12552, stack(0x000000fd18800000,0x000000fd18900000)]
  0x0000024d6f246310 JavaThread "Framework Event Dispatcher: Equinox Container: 74fc371e-f056-4c13-8b95-85b9944c1d58" daemon [_thread_blocked, id=19704, stack(0x000000fd18900000,0x000000fd18a00000)]
  0x0000024d6f3d8660 JavaThread "Start Level: Equinox Container: 74fc371e-f056-4c13-8b95-85b9944c1d58" daemon [_thread_in_vm, id=1576, stack(0x000000fd18a00000,0x000000fd18b00000)]
  0x0000024d6f3664f0 JavaThread "Bundle File Closer" daemon [_thread_blocked, id=6836, stack(0x000000fd18c00000,0x000000fd18d00000)]
  0x0000024d6f8c15d0 JavaThread "SCR Component Actor" daemon [_thread_blocked, id=18016, stack(0x000000fd18d00000,0x000000fd18e00000)]
  0x0000024d6f8c1ff0 JavaThread "SCR Component Registry" daemon [_thread_blocked, id=9668, stack(0x000000fd18e00000,0x000000fd18f00000)]

Other Threads:
  0x0000024d68958c90 VMThread "VM Thread" [stack: 0x000000fd17300000,0x000000fd17400000] [id=21188]
  0x0000024d6deb6500 WatcherThread [stack: 0x000000fd17f00000,0x000000fd18000000] [id=15892]
  0x0000024d54adc120 GCTaskThread "GC Thread#0" [stack: 0x000000fd17200000,0x000000fd17300000] [id=9984]
  0x0000024d6f203020 GCTaskThread "GC Thread#1" [stack: 0x000000fd18200000,0x000000fd18300000] [id=18948]
  0x0000024d6f2032e0 GCTaskThread "GC Thread#2" [stack: 0x000000fd18300000,0x000000fd18400000] [id=19108]
  0x0000024d6f21ddb0 GCTaskThread "GC Thread#3" [stack: 0x000000fd18400000,0x000000fd18500000] [id=9892]
  0x0000024d6f21e070 GCTaskThread "GC Thread#4" [stack: 0x000000fd18500000,0x000000fd18600000] [id=18720]
  0x0000024d6f21e330 GCTaskThread "GC Thread#5" [stack: 0x000000fd18600000,0x000000fd18700000] [id=6472]
  0x0000024d6f215840 GCTaskThread "GC Thread#6" [stack: 0x000000fd18700000,0x000000fd18800000] [id=12916]
  0x0000024d6f353890 GCTaskThread "GC Thread#7" [stack: 0x000000fd18b00000,0x000000fd18c00000] [id=18696]

Threads with active compile tasks:
C2 CompilerThread1     3317 2041       4       org.eclipse.osgi.framework.util.CaseInsensitiveDictionaryMap::findCommonKeyIndex (930 bytes)
C2 CompilerThread2     3317 2043   !   4       java.util.jar.Attributes::read (498 bytes)

VM state: not at safepoint (normal execution)

VM Mutex/Monitor currently owned by a thread:  ([mutex/lock_event])
[0x0000024d54ac1530] Metaspace_lock - owner thread: 0x0000024d6f3d8660

Heap address: 0x00000000c0000000, size: 1024 MB, Compressed Oops mode: 32-bit

CDS archive(s) not mapped
Compressed class space mapped at: 0x0000000100000000-0x0000000140000000, reserved size: 1073741824
Narrow klass base: 0x0000000000000000, Narrow klass shift: 3, Narrow klass range: 0x140000000

GC Precious Log:
 CPUs: 8 total, 8 available
 Memory: 7926M
 Large Page Support: Disabled
 NUMA Support: Disabled
 Compressed Oops: Enabled (32-bit)
 Alignments: Space 512K, Generation 512K, Heap 2M
 Heap Min Capacity: 100M
 Heap Initial Capacity: 100M
 Heap Max Capacity: 1G
 Pre-touch: Disabled
 Parallel Workers: 8

Heap:
 PSYoungGen      total 29696K, used 9715K [0x00000000eab00000, 0x00000000ecc00000, 0x0000000100000000)
  eden space 25600K, 21% used [0x00000000eab00000,0x00000000eb07dde0,0x00000000ec400000)
  from space 4096K, 99% used [0x00000000ec400000,0x00000000ec7feed8,0x00000000ec800000)
  to   space 4096K, 0% used [0x00000000ec800000,0x00000000ec800000,0x00000000ecc00000)
 ParOldGen       total 68608K, used 5247K [0x00000000c0000000, 0x00000000c4300000, 0x00000000eab00000)
  object space 68608K, 7% used [0x00000000c0000000,0x00000000c051fec8,0x00000000c4300000)
 Metaspace       used 17641K, committed 17920K, reserved 1114112K
  class space    used 1799K, committed 1920K, reserved 1048576K

Card table byte_map: [0x0000024d54460000,0x0000024d54670000] _byte_map_base: 0x0000024d53e60000

Marking Bits: (ParMarkBitMap*) 0x00007ff96935d7d0
 Begin Bits: [0x0000024d66760000, 0x0000024d67760000)
 End Bits:   [0x0000024d67760000, 0x0000024d68760000)

Polling page: 0x0000024d529e0000

Metaspace:

Usage:
  Non-class:     15.47 MB used.
      Class:      1.76 MB used.
       Both:     17.23 MB used.

Virtual space:
  Non-class space:       64.00 MB reserved,      15.62 MB ( 24%) committed,  1 nodes.
      Class space:        1.00 GB reserved,       1.88 MB ( <1%) committed,  1 nodes.
             Both:        1.06 GB reserved,      17.50 MB (  2%) committed. 

Chunk freelists:
   Non-Class:  176.00 KB
       Class:  14.01 MB
        Both:  14.18 MB

MaxMetaspaceSize: unlimited
CompressedClassSpaceSize: 1.00 GB
Initial GC threshold: 21.00 MB
Current GC threshold: 21.00 MB
CDS: off
MetaspaceReclaimPolicy: balanced
 - commit_granule_bytes: 65536.
 - commit_granule_words: 8192.
 - virtual_space_node_default_size: 8388608.
 - enlarge_chunks_in_place: 1.
 - new_chunks_are_fully_committed: 0.
 - uncommit_free_chunks: 1.
 - use_allocation_guard: 0.
 - handle_deallocations: 1.


Internal statistics:

num_allocs_failed_limit: 0.
num_arena_births: 128.
num_arena_deaths: 0.
num_vsnodes_births: 2.
num_vsnodes_deaths: 0.
num_space_committed: 280.
num_space_uncommitted: 0.
num_chunks_returned_to_freelist: 0.
num_chunks_taken_from_freelist: 403.
num_chunk_merges: 0.
num_chunk_splits: 255.
num_chunks_enlarged: 189.
num_inconsistent_stats: 0.

CodeHeap 'non-profiled nmethods': size=120000Kb used=987Kb max_used=987Kb free=119012Kb
 bounds [0x0000024d5f230000, 0x0000024d5f4a0000, 0x0000024d66760000]
CodeHeap 'profiled nmethods': size=120000Kb used=4089Kb max_used=4089Kb free=115910Kb
 bounds [0x0000024d57760000, 0x0000024d57b60000, 0x0000024d5ec90000]
CodeHeap 'non-nmethods': size=5760Kb used=1178Kb max_used=1220Kb free=4582Kb
 bounds [0x0000024d5ec90000, 0x0000024d5ef00000, 0x0000024d5f230000]
 total_blobs=2654 nmethods=2189 adapters=379
 compilation: enabled
              stopped_count=0, restarted_count=0
 full_count=0

Compilation events (20 events):
Event: 3.078 Thread 0x0000024d6dc558e0 2029       3       java.util.concurrent.locks.AbstractQueuedSynchronizer$ConditionObject::signal (34 bytes)
Event: 3.078 Thread 0x0000024d6dc558e0 nmethod 2029 0x0000024d57b08310 code [0x0000024d57b084e0, 0x0000024d57b08828]
Event: 3.081 Thread 0x0000024d6dc558e0 2035       3       org.eclipse.osgi.internal.hookregistry.ClassLoaderHook::classLoaderCreated (1 bytes)
Event: 3.081 Thread 0x0000024d6dc558e0 nmethod 2035 0x0000024d57b08990 code [0x0000024d57b08b20, 0x0000024d57b08c38]
Event: 3.083 Thread 0x0000024d6dc4e3e0 nmethod 2006 0x0000024d5f31c590 code [0x0000024d5f31c7a0, 0x0000024d5f31d730]
Event: 3.083 Thread 0x0000024d6dc4e3e0 2036       4       java.util.zip.ZipUtils::LG (22 bytes)
Event: 3.083 Thread 0x0000024d6dc558e0 2037       3       org.eclipse.osgi.internal.framework.EquinoxConfiguration$ConfigValues::getConfiguration (19 bytes)
Event: 3.084 Thread 0x0000024d6dc4e3e0 nmethod 2036 0x0000024d5f31e110 code [0x0000024d5f31e280, 0x0000024d5f31e378]
Event: 3.084 Thread 0x0000024d6dc558e0 nmethod 2037 0x0000024d57b08d10 code [0x0000024d57b08fc0, 0x0000024d57b09c48]
Event: 3.084 Thread 0x0000024d6dc558e0 2038       3       java.util.WeakHashMap::isEmpty (13 bytes)
Event: 3.084 Thread 0x0000024d6dc558e0 nmethod 2038 0x0000024d57b0a090 code [0x0000024d57b0a240, 0x0000024d57b0a4a8]
Event: 3.085 Thread 0x0000024d6dc558e0 2039       3       java.util.WeakHashMap::size (18 bytes)
Event: 3.085 Thread 0x0000024d6dc54e40 2041       4       org.eclipse.osgi.framework.util.CaseInsensitiveDictionaryMap::findCommonKeyIndex (930 bytes)
Event: 3.085 Thread 0x0000024d6dc558e0 nmethod 2039 0x0000024d57b0a590 code [0x0000024d57b0a740, 0x0000024d57b0a908]
Event: 3.085 Thread 0x0000024d6dc558e0 2040       3       java.lang.ThreadLocal$ThreadLocalMap::set (133 bytes)
Event: 3.085 Thread 0x0000024d6dc558e0 nmethod 2040 0x0000024d57b0a990 code [0x0000024d57b0ac00, 0x0000024d57b0b808]
Event: 3.085 Thread 0x0000024d6dc558e0 2042   !   3       java.util.concurrent.ConcurrentHashMap::transfer (850 bytes)
Event: 3.087 Thread 0x0000024d6dc558e0 nmethod 2042 0x0000024d57b0bc90 code [0x0000024d57b0c0a0, 0x0000024d57b0e3f8]
Event: 3.089 Thread 0x0000024d6dc55e30 2043   !   4       java.util.jar.Attributes::read (498 bytes)
Event: 3.089 Thread 0x0000024d6dc558e0 2044       3       java.util.jar.Manifest::read (415 bytes)

GC Heap History (4 events):
Event: 1.586 GC heap before
{Heap before GC invocations=1 (full 0):
 PSYoungGen      total 29696K, used 25600K [0x00000000eab00000, 0x00000000ecc00000, 0x0000000100000000)
  eden space 25600K, 100% used [0x00000000eab00000,0x00000000ec400000,0x00000000ec400000)
  from space 4096K, 0% used [0x00000000ec800000,0x00000000ec800000,0x00000000ecc00000)
  to   space 4096K, 0% used [0x00000000ec400000,0x00000000ec400000,0x00000000ec800000)
 ParOldGen       total 68608K, used 0K [0x00000000c0000000, 0x00000000c4300000, 0x00000000eab00000)
  object space 68608K, 0% used [0x00000000c0000000,0x00000000c0000000,0x00000000c4300000)
 Metaspace       used 11016K, committed 11200K, reserved 1114112K
  class space    used 1098K, committed 1216K, reserved 1048576K
}
Event: 1.594 GC heap after
{Heap after GC invocations=1 (full 0):
 PSYoungGen      total 29696K, used 3182K [0x00000000eab00000, 0x00000000ecc00000, 0x0000000100000000)
  eden space 25600K, 0% used [0x00000000eab00000,0x00000000eab00000,0x00000000ec400000)
  from space 4096K, 77% used [0x00000000ec400000,0x00000000ec71bb88,0x00000000ec800000)
  to   space 4096K, 0% used [0x00000000ec800000,0x00000000ec800000,0x00000000ecc00000)
 ParOldGen       total 68608K, used 16K [0x00000000c0000000, 0x00000000c4300000, 0x00000000eab00000)
  object space 68608K, 0% used [0x00000000c0000000,0x00000000c0004000,0x00000000c4300000)
 Metaspace       used 11016K, committed 11200K, reserved 1114112K
  class space    used 1098K, committed 1216K, reserved 1048576K
}
Event: 2.586 GC heap before
{Heap before GC invocations=2 (full 0):
 PSYoungGen      total 29696K, used 28782K [0x00000000eab00000, 0x00000000ecc00000, 0x0000000100000000)
  eden space 25600K, 100% used [0x00000000eab00000,0x00000000ec400000,0x00000000ec400000)
  from space 4096K, 77% used [0x00000000ec400000,0x00000000ec71bb88,0x00000000ec800000)
  to   space 4096K, 0% used [0x00000000ec800000,0x00000000ec800000,0x00000000ecc00000)
 ParOldGen       total 68608K, used 16K [0x00000000c0000000, 0x00000000c4300000, 0x00000000eab00000)
  object space 68608K, 0% used [0x00000000c0000000,0x00000000c0004000,0x00000000c4300000)
 Metaspace       used 14662K, committed 14912K, reserved 1114112K
  class space    used 1472K, committed 1600K, reserved 1048576K
}
Event: 2.597 GC heap after
{Heap after GC invocations=2 (full 0):
 PSYoungGen      total 29696K, used 4073K [0x00000000eab00000, 0x00000000ecc00000, 0x0000000100000000)
  eden space 25600K, 0% used [0x00000000eab00000,0x00000000eab00000,0x00000000ec400000)
  from space 4096K, 99% used [0x00000000ec800000,0x00000000ecbfa550,0x00000000ecc00000)
  to   space 4096K, 0% used [0x00000000ec400000,0x00000000ec400000,0x00000000ec800000)
 ParOldGen       total 68608K, used 1518K [0x00000000c0000000, 0x00000000c4300000, 0x00000000eab00000)
  object space 68608K, 2% used [0x00000000c0000000,0x00000000c017bb80,0x00000000c4300000)
 Metaspace       used 14662K, committed 14912K, reserved 1114112K
  class space    used 1472K, committed 1600K, reserved 1048576K
}

Dll operation events (9 events):
Event: 0.023 Loaded shared library c:\Users\Nijal\.vscode\extensions\redhat.java-1.28.1-win32-x64\jre\17.0.10-win32-x86_64\bin\java.dll
Event: 0.279 Loaded shared library c:\Users\Nijal\.vscode\extensions\redhat.java-1.28.1-win32-x64\jre\17.0.10-win32-x86_64\bin\zip.dll
Event: 0.283 Loaded shared library C:\Users\Nijal\.vscode\extensions\redhat.java-1.28.1-win32-x64\jre\17.0.10-win32-x86_64\bin\instrument.dll
Event: 0.306 Loaded shared library C:\Users\Nijal\.vscode\extensions\redhat.java-1.28.1-win32-x64\jre\17.0.10-win32-x86_64\bin\net.dll
Event: 0.310 Loaded shared library C:\Users\Nijal\.vscode\extensions\redhat.java-1.28.1-win32-x64\jre\17.0.10-win32-x86_64\bin\nio.dll
Event: 0.345 Loaded shared library C:\Users\Nijal\.vscode\extensions\redhat.java-1.28.1-win32-x64\jre\17.0.10-win32-x86_64\bin\zip.dll
Event: 0.397 Loaded shared library C:\Users\Nijal\.vscode\extensions\redhat.java-1.28.1-win32-x64\jre\17.0.10-win32-x86_64\bin\jimage.dll
Event: 0.493 Loaded shared library c:\Users\Nijal\.vscode\extensions\redhat.java-1.28.1-win32-x64\jre\17.0.10-win32-x86_64\bin\verify.dll
Event: 2.433 Loaded shared library C:\Users\Nijal\AppData\Roaming\Code\User\globalStorage\redhat.java\1.28.1\config_win\org.eclipse.equinox.launcher\org.eclipse.equinox.launcher.win32.win32.x86_64_1.2.900.v20240129-1338\eclipse_11900.dll

Deoptimization events (20 events):
Event: 3.003 Thread 0x0000024d6f3d8660 DEOPT PACKING pc=0x0000024d5f24c2f8 sp=0x000000fd18afcfa0
Event: 3.003 Thread 0x0000024d6f3d8660 DEOPT UNPACKING pc=0x0000024d5ece9ea3 sp=0x000000fd18afcf30 mode 2
Event: 3.007 Thread 0x0000024d6f3d8660 DEOPT PACKING pc=0x0000024d57aec056 sp=0x000000fd18afcfa0
Event: 3.007 Thread 0x0000024d6f3d8660 DEOPT UNPACKING pc=0x0000024d5ecea9e3 sp=0x000000fd18afc428 mode 0
Event: 3.017 Thread 0x0000024d6f3d8660 DEOPT PACKING pc=0x0000024d57aec056 sp=0x000000fd18afcfa0
Event: 3.017 Thread 0x0000024d6f3d8660 DEOPT UNPACKING pc=0x0000024d5ecea9e3 sp=0x000000fd18afc428 mode 0
Event: 3.023 Thread 0x0000024d6f3d8660 DEOPT PACKING pc=0x0000024d57aec056 sp=0x000000fd18afd010
Event: 3.023 Thread 0x0000024d6f3d8660 DEOPT UNPACKING pc=0x0000024d5ecea9e3 sp=0x000000fd18afc498 mode 0
Event: 3.026 Thread 0x0000024d6f3d8660 DEOPT PACKING pc=0x0000024d57ae5d68 sp=0x000000fd18afd0d0
Event: 3.026 Thread 0x0000024d6f3d8660 DEOPT UNPACKING pc=0x0000024d5ecea9e3 sp=0x000000fd18afc560 mode 0
Event: 3.038 Thread 0x0000024d6f3d8660 DEOPT PACKING pc=0x0000024d57aec056 sp=0x000000fd18afd010
Event: 3.038 Thread 0x0000024d6f3d8660 DEOPT UNPACKING pc=0x0000024d5ecea9e3 sp=0x000000fd18afc498 mode 0
Event: 3.041 Thread 0x0000024d6f3d8660 Uncommon trap: trap_request=0xffffff45 fr.pc=0x0000024d5f292f04 relative=0x0000000000000164
Event: 3.041 Thread 0x0000024d6f3d8660 Uncommon trap: reason=unstable_if action=reinterpret pc=0x0000024d5f292f04 method=java.lang.String.startsWith(Ljava/lang/String;I)Z @ 50 c2
Event: 3.041 Thread 0x0000024d6f3d8660 DEOPT PACKING pc=0x0000024d5f292f04 sp=0x000000fd18afdef0
Event: 3.041 Thread 0x0000024d6f3d8660 DEOPT UNPACKING pc=0x0000024d5ece9ea3 sp=0x000000fd18afddf8 mode 2
Event: 3.050 Thread 0x0000024d6f3d8660 DEOPT PACKING pc=0x0000024d57aec056 sp=0x000000fd18afd310
Event: 3.050 Thread 0x0000024d6f3d8660 DEOPT UNPACKING pc=0x0000024d5ecea9e3 sp=0x000000fd18afc7b0 mode 0
Event: 3.050 Thread 0x0000024d6f3d8660 DEOPT PACKING pc=0x0000024d5785011c sp=0x000000fd18afda90
Event: 3.050 Thread 0x0000024d6f3d8660 DEOPT UNPACKING pc=0x0000024d5ecea9e3 sp=0x000000fd18afcf78 mode 0

Classes unloaded (0 events):
No events

Classes redefined (0 events):
No events

Internal exceptions (20 events):
Event: 1.474 Thread 0x0000024d54ac7600 Exception <a 'java/lang/ClassNotFoundException'{0x00000000ec0b1e00}: sun/net/www/protocol/c/Handler> (0x00000000ec0b1e00) 
thrown [s\src\hotspot\share\classfile\systemDictionary.cpp, line 256]
Event: 1.475 Thread 0x0000024d54ac7600 Exception <a 'java/lang/ClassNotFoundException'{0x00000000ec0b3148}: sun/net/www/protocol/f/Handler> (0x00000000ec0b3148) 
thrown [s\src\hotspot\share\classfile\systemDictionary.cpp, line 256]
Event: 1.475 Thread 0x0000024d54ac7600 Exception <a 'java/lang/ClassNotFoundException'{0x00000000ec0b42e0}: sun/net/www/protocol/c/Handler> (0x00000000ec0b42e0) 
thrown [s\src\hotspot\share\classfile\systemDictionary.cpp, line 256]
Event: 1.485 Thread 0x0000024d54ac7600 Exception <a 'java/io/FileNotFoundException'{0x00000000ec0db5d0}> (0x00000000ec0db5d0) 
thrown [s\src\hotspot\share\prims\jni.cpp, line 516]
Event: 1.519 Thread 0x0000024d54ac7600 Implicit null exception at 0x0000024d5f27fe6c to 0x0000024d5f280048
Event: 1.519 Thread 0x0000024d54ac7600 Implicit null exception at 0x0000024d5f27f7ec to 0x0000024d5f27f9bc
Event: 1.519 Thread 0x0000024d54ac7600 Implicit null exception at 0x0000024d5f276c0f to 0x0000024d5f276c85
Event: 1.569 Thread 0x0000024d54ac7600 Exception <a 'java/lang/NoSuchMethodError'{0x00000000ec3ad9b8}: 'int java.lang.invoke.DirectMethodHandle$Holder.invokeStaticInit(java.lang.Object, java.lang.Object, java.lang.Object, java.lang.Object)'> (0x00000000ec3ad9b8) 
thrown [s\src\hotspot\share\interpreter\linkResolver.cpp, line 759]
Event: 1.571 Thread 0x0000024d54ac7600 Exception <a 'java/lang/NoSuchMethodError'{0x00000000ec3b8028}: 'java.lang.Object java.lang.invoke.DirectMethodHandle$Holder.invokeInterface(java.lang.Object, java.lang.Object)'> (0x00000000ec3b8028) 
thrown [s\src\hotspot\share\interpreter\linkResolver.cpp, line 759]
Event: 1.572 Thread 0x0000024d54ac7600 Exception <a 'java/lang/IncompatibleClassChangeError'{0x00000000ec3bb820}: Found class java.lang.Object, but interface was expected> (0x00000000ec3bb820) 
thrown [s\src\hotspot\share\interpreter\linkResolver.cpp, line 826]
Event: 1.573 Thread 0x0000024d54ac7600 Exception <a 'java/lang/NoSuchMethodError'{0x00000000ec3bfd10}: 'void java.lang.invoke.DirectMethodHandle$Holder.invokeStatic(java.lang.Object, java.lang.Object)'> (0x00000000ec3bfd10) 
thrown [s\src\hotspot\share\interpreter\linkResolver.cpp, line 759]
Event: 1.573 Thread 0x0000024d54ac7600 Exception <a 'java/lang/NoSuchMethodError'{0x00000000ec3c3510}: 'void java.lang.invoke.DirectMethodHandle$Holder.invokeStaticInit(java.lang.Object, java.lang.Object)'> (0x00000000ec3c3510) 
thrown [s\src\hotspot\share\interpreter\linkResolver.cpp, line 759]
Event: 1.575 Thread 0x0000024d54ac7600 Exception <a 'java/lang/NoSuchMethodError'{0x00000000ec3ca940}: 'int java.lang.invoke.DirectMethodHandle$Holder.invokeStaticInit(java.lang.Object, java.lang.Object)'> (0x00000000ec3ca940) 
thrown [s\src\hotspot\share\interpreter\linkResolver.cpp, line 759]
Event: 1.633 Thread 0x0000024d54ac7600 Exception <a 'java/lang/NoSuchMethodError'{0x00000000eac55b10}: 'void java.lang.invoke.DirectMethodHandle$Holder.invokeSpecial(java.lang.Object, java.lang.Object, java.lang.Object)'> (0x00000000eac55b10) 
thrown [s\src\hotspot\share\interpreter\linkResolver.cpp, line 759]
Event: 2.052 Thread 0x0000024d54ac7600 Exception <a 'java/lang/NoSuchMethodError'{0x00000000eb9cb650}: 'java.lang.Object java.lang.invoke.DirectMethodHandle$Holder.newInvokeSpecial(java.lang.Object, int, java.lang.Object)'> (0x00000000eb9cb650) 
thrown [s\src\hotspot\share\interpreter\linkResolver.cpp, line 759]
Event: 2.428 Thread 0x0000024d54ac7600 Exception <a 'java/lang/UnsatisfiedLinkError'{0x00000000ebf6a4e0}: 'void org.eclipse.equinox.launcher.JNIBridge._update_splash()'> (0x00000000ebf6a4e0) 
thrown [s\src\hotspot\share\prims\nativeLookup.cpp, line 543]
Event: 2.551 Thread 0x0000024d6f3d8660 Exception <a 'java/lang/NoSuchMethodError'{0x00000000ec2c5d80}: 'java.lang.Object java.lang.invoke.DirectMethodHandle$Holder.invokeStaticInit(java.lang.Object)'> (0x00000000ec2c5d80) 
thrown [s\src\hotspot\share\interpreter\linkResolver.cpp, line 759]
Event: 2.572 Thread 0x0000024d6f3d8660 Exception <a 'java/lang/NoSuchMethodError'{0x00000000ec38e2b8}: 'java.lang.Object java.lang.invoke.DirectMethodHandle$Holder.newInvokeSpecial(java.lang.Object, java.lang.Object, int, java.lang.Object)'> (0x00000000ec38e2b8) 
thrown [s\src\hotspot\share\interpreter\linkResolver.cpp, line 759]
Event: 2.573 Thread 0x0000024d6f3d8660 Exception <a 'java/lang/NoSuchMethodError'{0x00000000ec3925a0}: 'java.lang.Object java.lang.invoke.DirectMethodHandle$Holder.invokeSpecial(java.lang.Object, java.lang.Object, java.lang.Object, int, java.lang.Object)'> (0x00000000ec3925a0) 
thrown [s\src\hotspot\share\interpreter\linkResolver.cpp, line 759]
Event: 2.653 Thread 0x0000024d6f3d8660 Exception <a 'java/lang/ClassNotFoundException'{0x00000000ead54dd8}: sun/util/logging/resources/spi/loggingProvider> (0x00000000ead54dd8) 
thrown [s\src\hotspot\share\classfile\systemDictionary.cpp, line 256]

VM Operations (20 events):
Event: 2.017 Executing VM operation: HandshakeAllThreads
Event: 2.017 Executing VM operation: HandshakeAllThreads done
Event: 2.023 Executing VM operation: HandshakeAllThreads
Event: 2.023 Executing VM operation: HandshakeAllThreads done
Event: 2.041 Executing VM operation: HandshakeAllThreads
Event: 2.041 Executing VM operation: HandshakeAllThreads done
Event: 2.137 Executing VM operation: ICBufferFull
Event: 2.137 Executing VM operation: ICBufferFull done
Event: 2.538 Executing VM operation: HandshakeAllThreads
Event: 2.538 Executing VM operation: HandshakeAllThreads done
Event: 2.585 Executing VM operation: ParallelGCFailedAllocation
Event: 2.597 Executing VM operation: ParallelGCFailedAllocation done
Event: 2.619 Executing VM operation: HandshakeAllThreads
Event: 2.619 Executing VM operation: HandshakeAllThreads done
Event: 2.666 Executing VM operation: HandshakeAllThreads
Event: 2.666 Executing VM operation: HandshakeAllThreads done
Event: 2.682 Executing VM operation: HandshakeAllThreads
Event: 2.682 Executing VM operation: HandshakeAllThreads done
Event: 2.695 Executing VM operation: HandshakeAllThreads
Event: 2.695 Executing VM operation: HandshakeAllThreads done

Events (20 events):
Event: 2.679 loading class java/util/stream/Sink$OfInt
Event: 2.679 loading class java/util/function/IntConsumer
Event: 2.679 loading class java/util/function/IntConsumer done
Event: 2.679 loading class java/util/stream/Sink$OfInt done
Event: 2.679 loading class java/util/stream/FindOps$FindSink$OfInt done
Event: 2.679 loading class java/util/OptionalInt
Event: 2.679 loading class java/util/OptionalInt done
Event: 2.681 loading class java/util/stream/IntPipeline$10$1
Event: 2.681 loading class java/util/stream/Sink$ChainedInt
Event: 2.681 loading class java/util/stream/Sink$ChainedInt done
Event: 2.681 loading class java/util/stream/IntPipeline$10$1 done
Event: 2.681 loading class java/lang/StringUTF16$CharsSpliterator
Event: 2.681 loading class java/lang/StringUTF16$CharsSpliterator done
Event: 2.681 loading class java/lang/CharacterData00
Event: 2.682 loading class java/lang/CharacterData00 done
Event: 2.684 loading class java/time/LocalTime$1
Event: 2.684 loading class java/time/LocalTime$1 done
Event: 2.684 loading class java/util/Formattable
Event: 2.685 loading class java/util/Formattable done
Event: 2.983 Thread 0x0000024d6f3664f0 Thread added: 0x0000024d6f3664f0


Dynamic libraries:
0x00007ff71da50000 - 0x00007ff71da5e000 	c:\Users\Nijal\.vscode\extensions\redhat.java-1.28.1-win32-x64\jre\17.0.10-win32-x86_64\bin\java.exe
0x00007ff9dc550000 - 0x00007ff9dc748000 	C:\Windows\SYSTEM32\ntdll.dll
0x00007ff9dbad0000 - 0x00007ff9dbb8d000 	C:\Windows\System32\KERNEL32.DLL
0x00007ff9d9cb0000 - 0x00007ff9d9fa6000 	C:\Windows\System32\KERNELBASE.dll
0x00007ff9da300000 - 0x00007ff9da400000 	C:\Windows\System32\ucrtbase.dll
0x00007ff9aa5d0000 - 0x00007ff9aa5e7000 	c:\Users\Nijal\.vscode\extensions\redhat.java-1.28.1-win32-x64\jre\17.0.10-win32-x86_64\bin\jli.dll
0x00007ff9da960000 - 0x00007ff9daafe000 	C:\Windows\System32\USER32.dll
0x00007ff9da560000 - 0x00007ff9da582000 	C:\Windows\System32\win32u.dll
0x00007ff9daf60000 - 0x00007ff9daf8b000 	C:\Windows\System32\GDI32.dll
0x00007ff9da0a0000 - 0x00007ff9da1b7000 	C:\Windows\System32\gdi32full.dll
0x00007ff9da000000 - 0x00007ff9da09d000 	C:\Windows\System32\msvcp_win.dll
0x00007ff9aa680000 - 0x00007ff9aa69b000 	c:\Users\Nijal\.vscode\extensions\redhat.java-1.28.1-win32-x64\jre\17.0.10-win32-x86_64\bin\VCRUNTIME140.dll
0x00007ff9c2250000 - 0x00007ff9c24ea000 	C:\Windows\WinSxS\amd64_microsoft.windows.common-controls_6595b64144ccf1df_6.0.19041.3636_none_60b6a03d71f818d5\COMCTL32.dll
0x00007ff9dab00000 - 0x00007ff9dab9e000 	C:\Windows\System32\msvcrt.dll
0x00007ff9dbd20000 - 0x00007ff9dbd52000 	C:\Windows\System32\IMM32.DLL
0x00007ff9d2130000 - 0x00007ff9d213c000 	c:\Users\Nijal\.vscode\extensions\redhat.java-1.28.1-win32-x64\jre\17.0.10-win32-x86_64\bin\vcruntime140_1.dll
0x00007ff9922b0000 - 0x00007ff99233d000 	c:\Users\Nijal\.vscode\extensions\redhat.java-1.28.1-win32-x64\jre\17.0.10-win32-x86_64\bin\msvcp140.dll
0x00007ff9687c0000 - 0x00007ff969422000 	c:\Users\Nijal\.vscode\extensions\redhat.java-1.28.1-win32-x64\jre\17.0.10-win32-x86_64\bin\server\jvm.dll
0x00007ff9db9a0000 - 0x00007ff9dba53000 	C:\Windows\System32\ADVAPI32.dll
0x00007ff9db000000 - 0x00007ff9db09f000 	C:\Windows\System32\sechost.dll
0x00007ff9da7d0000 - 0x00007ff9da8f6000 	C:\Windows\System32\RPCRT4.dll
0x00007ff9d9c80000 - 0x00007ff9d9ca7000 	C:\Windows\System32\bcrypt.dll
0x00007ff9d9160000 - 0x00007ff9d91ab000 	C:\Windows\SYSTEM32\POWRPROF.dll
0x00007ff9cefb0000 - 0x00007ff9cefd7000 	C:\Windows\SYSTEM32\WINMM.dll
0x00007ff9a8fb0000 - 0x00007ff9a8fb9000 	C:\Windows\SYSTEM32\WSOCK32.dll
0x00007ff9dba60000 - 0x00007ff9dbacb000 	C:\Windows\System32\WS2_32.dll
0x00007ff9d22e0000 - 0x00007ff9d22ea000 	C:\Windows\SYSTEM32\VERSION.dll
0x00007ff9d9020000 - 0x00007ff9d9032000 	C:\Windows\SYSTEM32\UMPDC.dll
0x00007ff9d8410000 - 0x00007ff9d8422000 	C:\Windows\SYSTEM32\kernel.appcore.dll
0x00007ff9bd0c0000 - 0x00007ff9bd0ca000 	c:\Users\Nijal\.vscode\extensions\redhat.java-1.28.1-win32-x64\jre\17.0.10-win32-x86_64\bin\jimage.dll
0x00007ff9d7960000 - 0x00007ff9d7b44000 	C:\Windows\SYSTEM32\DBGHELP.DLL
0x00007ff9c2dc0000 - 0x00007ff9c2df4000 	C:\Windows\SYSTEM32\dbgcore.DLL
0x00007ff9da1c0000 - 0x00007ff9da242000 	C:\Windows\System32\bcryptPrimitives.dll
0x00007ff9bd080000 - 0x00007ff9bd08e000 	c:\Users\Nijal\.vscode\extensions\redhat.java-1.28.1-win32-x64\jre\17.0.10-win32-x86_64\bin\instrument.dll
0x00007ff993690000 - 0x00007ff9936b5000 	c:\Users\Nijal\.vscode\extensions\redhat.java-1.28.1-win32-x64\jre\17.0.10-win32-x86_64\bin\java.dll
0x00007ff9aa4a0000 - 0x00007ff9aa4b8000 	c:\Users\Nijal\.vscode\extensions\redhat.java-1.28.1-win32-x64\jre\17.0.10-win32-x86_64\bin\zip.dll
0x00007ff9dbdc0000 - 0x00007ff9dc505000 	C:\Windows\System32\SHELL32.dll
0x00007ff9d7b50000 - 0x00007ff9d82ec000 	C:\Windows\SYSTEM32\windows.storage.dll
0x00007ff9db1d0000 - 0x00007ff9db524000 	C:\Windows\System32\combase.dll
0x00007ff9d9640000 - 0x00007ff9d966e000 	C:\Windows\SYSTEM32\Wldp.dll
0x00007ff9dac00000 - 0x00007ff9daccd000 	C:\Windows\System32\OLEAUT32.dll
0x00007ff9dbc70000 - 0x00007ff9dbd1d000 	C:\Windows\System32\SHCORE.dll
0x00007ff9dbd60000 - 0x00007ff9dbdb5000 	C:\Windows\System32\shlwapi.dll
0x00007ff9d9b40000 - 0x00007ff9d9b65000 	C:\Windows\SYSTEM32\profapi.dll
0x00007ff9aa3a0000 - 0x00007ff9aa3b9000 	C:\Users\Nijal\.vscode\extensions\redhat.java-1.28.1-win32-x64\jre\17.0.10-win32-x86_64\bin\net.dll
0x00007ff9d4870000 - 0x00007ff9d497a000 	C:\Windows\SYSTEM32\WINHTTP.dll
0x00007ff9d93a0000 - 0x00007ff9d940a000 	C:\Windows\system32\mswsock.dll
0x00007ff9a3de0000 - 0x00007ff9a3df6000 	C:\Users\Nijal\.vscode\extensions\redhat.java-1.28.1-win32-x64\jre\17.0.10-win32-x86_64\bin\nio.dll
0x00007ff9b7d90000 - 0x00007ff9b7da0000 	c:\Users\Nijal\.vscode\extensions\redhat.java-1.28.1-win32-x64\jre\17.0.10-win32-x86_64\bin\verify.dll
0x00007ff98fc60000 - 0x00007ff98fc9e000 	C:\Users\Nijal\AppData\Roaming\Code\User\globalStorage\redhat.java\1.28.1\config_win\org.eclipse.equinox.launcher\org.eclipse.equinox.launcher.win32.win32.x86_64_1.2.900.v20240129-1338\eclipse_11900.dll
0x00007ff9db0a0000 - 0x00007ff9db1cb000 	C:\Windows\System32\ole32.dll

dbghelp: loaded successfully - version: 4.0.5 - missing functions: none
symbol engine: initialized successfully - sym options: 0x614 - pdb path: .;c:\Users\Nijal\.vscode\extensions\redhat.java-1.28.1-win32-x64\jre\17.0.10-win32-x86_64\bin;C:\Windows\SYSTEM32;C:\Windows\WinSxS\amd64_microsoft.windows.common-controls_6595b64144ccf1df_6.0.19041.3636_none_60b6a03d71f818d5;c:\Users\Nijal\.vscode\extensions\redhat.java-1.28.1-win32-x64\jre\17.0.10-win32-x86_64\bin\server;C:\Users\Nijal\AppData\Roaming\Code\User\globalStorage\redhat.java\1.28.1\config_win\org.eclipse.equinox.launcher\org.eclipse.equinox.launcher.win32.win32.x86_64_1.2.900.v20240129-1338

VM Arguments:
jvm_args: --add-modules=ALL-SYSTEM --add-opens=java.base/java.util=ALL-UNNAMED --add-opens=java.base/java.lang=ALL-UNNAMED --add-opens=java.base/sun.nio.fs=ALL-UNNAMED -Declipse.application=org.eclipse.jdt.ls.core.id1 -Dosgi.bundles.defaultStartLevel=4 -Declipse.product=org.eclipse.jdt.ls.core.product -Djava.import.generatesMetadataFilesAtProjectRoot=false -DDetectVMInstallationsJob.disabled=true -Dfile.encoding=utf8 -XX:+UseParallelGC -XX:GCTimeRatio=4 -XX:AdaptiveSizePolicyWeight=90 -Dsun.zip.disableMemoryMapping=true -Xmx1G -Xms100m -Xlog:disable -javaagent:c:\Users\Nijal\.vscode\extensions\redhat.java-1.28.1-win32-x64\lombok\lombok-1.18.31.jar -XX:+HeapDumpOnOutOfMemoryError -XX:HeapDumpPath=c:\Users\Nijal\AppData\Roaming\Code\User\workspaceStorage\b9a67ca91ce6951b9b4f41b2c744f4a0\redhat.java -Daether.dependencyCollector.impl=bf 
java_command: c:\Users\Nijal\.vscode\extensions\redhat.java-1.28.1-win32-x64\server\plugins\org.eclipse.equinox.launcher_1.6.700.v20231214-2017.jar -configuration c:\Users\Nijal\AppData\Roaming\Code\User\globalStorage\redhat.java\1.28.1\config_win -data c:\Users\Nijal\AppData\Roaming\Code\User\workspaceStorage\b9a67ca91ce6951b9b4f41b2c744f4a0\redhat.java\jdt_ws --stdio
java_class_path (initial): c:\Users\Nijal\.vscode\extensions\redhat.java-1.28.1-win32-x64\server\plugins\org.eclipse.equinox.launcher_1.6.700.v20231214-2017.jar
Launcher Type: SUN_STANDARD

[Global flags]
    uintx AdaptiveSizePolicyWeight                 = 90                                        {product} {command line}
     intx CICompilerCount                          = 4                                         {product} {ergonomic}
    uintx GCTimeRatio                              = 4                                         {product} {command line}
     bool HeapDumpOnOutOfMemoryError               = true                                   {manageable} {command line}
    ccstr HeapDumpPath                             = c:\Users\Nijal\AppData\Roaming\Code\User\workspaceStorage\b9a67ca91ce6951b9b4f41b2c744f4a0\redhat.java         {manageable} {command line}
   size_t InitialHeapSize                          = 104857600                                 {product} {command line}
   size_t MaxHeapSize                              = 1073741824                                {product} {command line}
   size_t MaxNewSize                               = 357564416                                 {product} {ergonomic}
   size_t MinHeapDeltaBytes                        = 524288                                    {product} {ergonomic}
   size_t MinHeapSize                              = 104857600                                 {product} {command line}
   size_t NewSize                                  = 34603008                                  {product} {ergonomic}
    uintx NonNMethodCodeHeapSize                   = 5839372                                {pd product} {ergonomic}
    uintx NonProfiledCodeHeapSize                  = 122909434                              {pd product} {ergonomic}
   size_t OldSize                                  = 70254592                                  {product} {ergonomic}
    uintx ProfiledCodeHeapSize                     = 122909434                              {pd product} {ergonomic}
    uintx ReservedCodeCacheSize                    = 251658240                              {pd product} {ergonomic}
     bool SegmentedCodeCache                       = true                                      {product} {ergonomic}
   size_t SoftMaxHeapSize                          = 1073741824                             {manageable} {ergonomic}
     bool UseCompressedClassPointers               = true                           {product lp64_product} {ergonomic}
     bool UseCompressedOops                        = true                           {product lp64_product} {ergonomic}
     bool UseLargePagesIndividualAllocation        = false                                  {pd product} {ergonomic}
     bool UseParallelGC                            = true                                      {product} {command line}

Logging:
Log output configuration:
 #0: stdout all=off uptime,level,tags
 #1: stderr all=off uptime,level,tags

Environment Variables:
PATH=C:\Python312\Scripts\;C:\Python312\;C:\Program Files\Common Files\Oracle\Java\javapath;C:\Windows\system32;C:\Windows;C:\Windows\System32\Wbem;C:\Windows\System32\WindowsPowerShell\v1.0\;C:\Windows\System32\OpenSSH\;C:\Program Files\dotnet\;C:\MinGW\bin;D:\Git\cmd;C:\Program Files\Docker\Docker\resources\bin;C:\flutter\bin;C:\Program Files\MySQL\MySQL Server 8.0\bin;;C:\Program Files\Cloudflare\Cloudflare WARP\;C:\Program Files\nodejs\;C:\ProgramData\chocolatey\bin;C:\Program Files\MySQL\MySQL Shell 8.0\bin\;C:\Users\Nijal\anaconda3;C:\Users\Nijal\anaconda3\Library\mingw-w64\bin;C:\Users\Nijal\anaconda3\Library\usr\bin;C:\Users\Nijal\anaconda3\Library\bin;C:\Users\Nijal\anaconda3\Scripts;C:\Users\Nijal\AppData\Local\Programs\Python\Python311\Scripts\;C:\Users\Nijal\AppData\Local\Programs\Python\Python311\;C:\Users\Nijal\AppData\Local\Microsoft\WindowsApps;C:\MinGW\bin;C:\Program Files\CodeBlocks\MinGW\bin;C:\MinGW\bin;C:\Users\Nijal\AppData\Local\Programs\Microsoft VS Code\bin;C:\MinGW\bin;D:\IntelliJ IDEA Community Edition 2022.1.3\bin;;C:\Program Files\JetBrains\WebStorm 2022.3.2\bin;;C:\Program Files\JetBrains\IntelliJ IDEA 2023.1.3\bin;;C:\flutter\bin;C:\dev\flutter\bin;C:\Users\Nijal\AppData\Roaming\npm
USERNAME=Nijal
OS=Windows_NT
PROCESSOR_IDENTIFIER=Intel64 Family 6 Model 140 Stepping 1, GenuineIntel
TMP=C:\Users\Nijal\AppData\Local\Temp
TEMP=C:\Users\Nijal\AppData\Local\Temp



Periodic native trim disabled


---------------  S Y S T E M  ---------------

OS:
 Windows 10 , 64 bit Build 19041 (10.0.19041.3636)
OS uptime: 0 days 11:46 hours
Hyper-V role detected

CPU: total 8 (initial active 8) (4 cores per cpu, 2 threads per core) family 6 model 140 stepping 1 microcode 0xb4, cx8, cmov, fxsr, ht, mmx, 3dnowpref, sse, sse2, sse3, ssse3, sse4.1, sse4.2, popcnt, lzcnt, tsc, tscinvbit, avx, avx2, aes, erms, clmul, bmi1, bmi2, adx, avx512f, avx512dq, avx512cd, avx512bw, avx512vl, sha, fma, vzeroupper, avx512_vpopcntdq, avx512_vpclmulqdq, avx512_vaes, avx512_vnni, clflush, clflushopt, clwb, avx512_vbmi2, avx512_vbmi, hv
Processor Information for processor 0
  Max Mhz: 2419, Current Mhz: 2419, Mhz Limit: 2419
Processor Information for processor 1
  Max Mhz: 2419, Current Mhz: 2419, Mhz Limit: 2419
Processor Information for processor 2
  Max Mhz: 2419, Current Mhz: 907, Mhz Limit: 2419
Processor Information for processor 3
  Max Mhz: 2419, Current Mhz: 2419, Mhz Limit: 2419
Processor Information for processor 4
  Max Mhz: 2419, Current Mhz: 2419, Mhz Limit: 2419
Processor Information for processor 5
  Max Mhz: 2419, Current Mhz: 2419, Mhz Limit: 2419
Processor Information for processor 6
  Max Mhz: 2419, Current Mhz: 2419, Mhz Limit: 2419
Processor Information for processor 7
  Max Mhz: 2419, Current Mhz: 2419, Mhz Limit: 2419

Memory: 4k page, system-wide physical 7926M (527M free)
TotalPageFile size 16118M (AvailPageFile size 0M)
current process WorkingSet (physical memory assigned to process): 106M, peak: 106M
current process commit charge ("private bytes"): 216M, peak: 216M

vm_info: OpenJDK 64-Bit Server VM (17.0.10+7) for windows-amd64 JRE (17.0.10+7), built on Jan 16 2024 23:25:11 by "admin" with MS VC++ 16.10 / 16.11 (VS2019)

END.
